2023-08-30 09:17:35,769 [INFO] Activator:176 - 


2023-08-30 09:17:35,777 [INFO] Activator:177 - !SESSION log4j initialized
2023-08-30 09:17:41,305 [INFO] LogOutputStream:77 - [STDOUT_REDIRECT] 
2023-08-30 09:18:03,002 [ERROR] LogOutputStream:75 - [STDERR_REDIRECT] SLF4J: Failed to load class "org.slf4j.impl.StaticLoggerBinder".
2023-08-30 09:18:03,007 [ERROR] LogOutputStream:75 - [STDERR_REDIRECT] SLF4J: Defaulting to no-operation (NOP) logger implementation
2023-08-30 09:18:03,007 [ERROR] LogOutputStream:75 - [STDERR_REDIRECT] SLF4J: See http://www.slf4j.org/codes.html#StaticLoggerBinder for further details.
2023-08-30 09:18:15,614 [INFO] ApplicationProperties:184 - Using Application install path: C:\ST\STM32CubeIDE_1.12.1\STM32CubeIDE\plugins\com.st.stm32cube.common.mx_6.8.1.202304191431
2023-08-30 09:18:15,638 [INFO] DbMcusXml:78 - Set database path to: C:\ST\STM32CubeIDE_1.12.1\STM32CubeIDE\plugins\com.st.stm32cube.common.mx_6.8.1.202304191431\\db\/mcu/
2023-08-30 09:18:15,638 [INFO] ApiDb:274 - Set plugin database path to: C:\ST\STM32CubeIDE_1.12.1\STM32CubeIDE\plugins\com.st.stm32cube.common.mx_6.8.1.202304191431\\db\/plugins/boardmanager/
2023-08-30 09:18:15,642 [WARN] ApiDb:259 - Overriding images path with different value:  => C:\ST\STM32CubeIDE_1.12.1\STM32CubeIDE\plugins\com.st.stm32cube.common.mx_6.8.1.202304191431\\db\/plugins/mcufinder/images/
2023-08-30 09:18:15,666 [INFO] ApiDb:250 - Set database path to: C:\Users\MARIANO\.stmcufinder\plugins\mcufinder//mcu/
2023-08-30 09:18:15,666 [INFO] DbMcusAds:125 - Set database path to: C:\Users\MARIANO\.stmcufinder\plugins\mcufinder//mcu/
2023-08-30 09:18:15,973 [INFO] CrossReferenceDbSqlite:203 - Set database path to: C:\Users\MARIANO\.stmcufinder\plugins\mcufinder//mcu/cs/
2023-08-30 09:18:16,102 [INFO] RulesReader:64 - Compatibility file has been processed (293 Rules)
2023-08-30 09:18:16,213 [INFO] DbMcusXml:78 - Set database path to: C:\ST\STM32CubeIDE_1.12.1\STM32CubeIDE\plugins\com.st.stm32cube.common.mx_6.8.1.202304191431\\db\/mcu/
2023-08-30 09:18:16,217 [INFO] ApiDb:274 - Set plugin database path to: C:\ST\STM32CubeIDE_1.12.1\STM32CubeIDE\plugins\com.st.stm32cube.common.mx_6.8.1.202304191431\\db\/plugins/boardmanager/
2023-08-30 09:18:16,217 [INFO] ApiDb:261 - Set plugin images path to: C:\ST\STM32CubeIDE_1.12.1\STM32CubeIDE\plugins\com.st.stm32cube.common.mx_6.8.1.202304191431\\db\/plugins/mcufinder/images/
2023-08-30 09:18:16,217 [WARN] DbFile:41 - Overriding database path with different value: C:\Users\MARIANO\.stmcufinder\plugins\mcufinder/ => C:\Users\MARIANO\.stmcufinder\plugins\mcufinder
2023-08-30 09:18:16,217 [INFO] ApiDb:250 - Set database path to: C:\Users\MARIANO\.stmcufinder\plugins\mcufinder//mcu/
2023-08-30 09:18:16,217 [WARN] DbFile:41 - Overriding database path with different value: C:\Users\MARIANO\.stmcufinder\plugins\mcufinder/ => C:\Users\MARIANO\.stmcufinder\plugins\mcufinder
2023-08-30 09:18:16,217 [INFO] DbMcusAds:125 - Set database path to: C:\Users\MARIANO\.stmcufinder\plugins\mcufinder//mcu/
2023-08-30 09:18:16,217 [WARN] DbFile:41 - Overriding database path with different value: C:\Users\MARIANO\.stmcufinder\plugins\mcufinder/ => C:\Users\MARIANO\.stmcufinder\plugins\mcufinder
2023-08-30 09:18:16,218 [WARN] DbFile:41 - Overriding database path with different value: C:\Users\MARIANO\.stmcufinder\plugins\mcufinder/ => C:\Users\MARIANO\.stmcufinder\plugins\mcufinder
2023-08-30 09:18:16,218 [INFO] CrossReferenceDbSqlite:203 - Set database path to: C:\Users\MARIANO\.stmcufinder\plugins\mcufinder//mcu/cs/
2023-08-30 09:18:16,318 [INFO] MainPanel:253 - HeapMemory: 268435456
2023-08-30 09:18:16,440 [INFO] DbMcusXml:78 - Set database path to: C:\ST\STM32CubeIDE_1.12.1\STM32CubeIDE\plugins\com.st.stm32cube.common.mx_6.8.1.202304191431\\db\/mcu/
2023-08-30 09:18:16,440 [INFO] ApiDb:274 - Set plugin database path to: C:\ST\STM32CubeIDE_1.12.1\STM32CubeIDE\plugins\com.st.stm32cube.common.mx_6.8.1.202304191431\\db\/plugins/boardmanager/
2023-08-30 09:18:16,440 [INFO] ApiDb:261 - Set plugin images path to: C:\ST\STM32CubeIDE_1.12.1\STM32CubeIDE\plugins\com.st.stm32cube.common.mx_6.8.1.202304191431\\db\/plugins/mcufinder/images/
2023-08-30 09:18:16,440 [WARN] DbFile:41 - Overriding database path with different value: C:\Users\MARIANO\.stmcufinder\plugins\mcufinder/ => C:\Users\MARIANO\.stmcufinder\plugins\mcufinder
2023-08-30 09:18:16,440 [INFO] ApiDb:250 - Set database path to: C:\Users\MARIANO\.stmcufinder\plugins\mcufinder//mcu/
2023-08-30 09:18:16,440 [WARN] DbFile:41 - Overriding database path with different value: C:\Users\MARIANO\.stmcufinder\plugins\mcufinder/ => C:\Users\MARIANO\.stmcufinder\plugins\mcufinder
2023-08-30 09:18:16,440 [INFO] DbMcusAds:125 - Set database path to: C:\Users\MARIANO\.stmcufinder\plugins\mcufinder//mcu/
2023-08-30 09:18:16,440 [WARN] DbFile:41 - Overriding database path with different value: C:\Users\MARIANO\.stmcufinder\plugins\mcufinder/ => C:\Users\MARIANO\.stmcufinder\plugins\mcufinder
2023-08-30 09:18:16,442 [WARN] DbFile:41 - Overriding database path with different value: C:\Users\MARIANO\.stmcufinder\plugins\mcufinder/ => C:\Users\MARIANO\.stmcufinder\plugins\mcufinder
2023-08-30 09:18:16,442 [INFO] CrossReferenceDbSqlite:203 - Set database path to: C:\Users\MARIANO\.stmcufinder\plugins\mcufinder//mcu/cs/
2023-08-30 09:18:16,468 [INFO] ApplicationProperties:184 - Using Application install path: C:\ST\STM32CubeIDE_1.12.1\STM32CubeIDE\plugins\com.st.stm32cube.common.mx_6.8.1.202304191431
2023-08-30 09:18:16,468 [INFO] PluginManage:196 - Search for loadable plugins [exclusion list=, ]
2023-08-30 09:18:16,473 [INFO] PluginManage:310 - Check plugin analytics
2023-08-30 09:18:16,680 [INFO] AnalyticsPlugin:253 - Accepted Software Licenses: 
2023-08-30 09:18:16,684 [INFO] AnalyticsPlugin:255 - Accepted CMSIS Pack Licenses: 
2023-08-30 09:18:16,684 [INFO] AnalyticsPlugin:257 - Accepted Firmware Licenses: 
2023-08-30 09:18:16,692 [INFO] PluginManage:359 - Loaded plugin analytics (category:tool,tabindex:-1)
2023-08-30 09:18:16,692 [INFO] PluginManage:310 - Check plugin cadmodel
2023-08-30 09:18:16,713 [INFO] CADModel:105 - Init CAD model plugin
2023-08-30 09:18:16,713 [INFO] PluginManage:359 - Loaded plugin cadmodel (category:power,tabindex:5)
2023-08-30 09:18:16,713 [INFO] PluginManage:310 - Check plugin clock
2023-08-30 09:18:16,741 [INFO] PluginManage:359 - Loaded plugin clock (category:base,tabindex:2)
2023-08-30 09:18:16,741 [INFO] PluginManage:310 - Check plugin ddr
2023-08-30 09:18:16,745 [INFO] PluginManage:359 - Loaded plugin ddr (category:tool,tabindex:6)
2023-08-30 09:18:16,745 [INFO] PluginManage:310 - Check plugin filemanager
2023-08-30 09:18:16,907 [INFO] PluginManage:359 - Loaded plugin filemanager (category:base,tabindex:10)
2023-08-30 09:18:16,907 [INFO] PluginManage:310 - Check plugin ipmanager
2023-08-30 09:18:16,920 [INFO] PluginManage:359 - Loaded plugin ipmanager (category:base,tabindex:5)
2023-08-30 09:18:16,920 [INFO] PluginManage:310 - Check plugin lpbam
2023-08-30 09:18:16,941 [INFO] PluginManage:359 - Loaded plugin lpbam (category:base,tabindex:0)
2023-08-30 09:18:16,941 [INFO] PluginManage:310 - Check plugin pinoutandconfiguration
2023-08-30 09:18:16,962 [INFO] PluginManage:359 - Loaded plugin pinoutandconfiguration (category:base,tabindex:1)
2023-08-30 09:18:16,962 [INFO] PluginManage:310 - Check plugin pinoutconfig
2023-08-30 09:18:17,075 [WARN] SupportedApi:132 - Cannot load RTOS API schema: s4s-elt-must-match.1: The content of 'definitions' must match (annotation?, (simpleType | complexType)?, (unique | key | keyref)*)). A problem was found starting at: attribute.
2023-08-30 09:18:17,246 [INFO] PluginManage:359 - Loaded plugin pinoutconfig (category:base,tabindex:0)
2023-08-30 09:18:17,246 [INFO] PluginManage:310 - Check plugin power
2023-08-30 09:18:17,276 [INFO] PluginManage:359 - Loaded plugin power (category:power,tabindex:4)
2023-08-30 09:18:17,276 [INFO] PluginManage:310 - Check plugin projectmanager
2023-08-30 09:18:17,299 [INFO] PluginManage:359 - Loaded plugin projectmanager (category:projectmanager,tabindex:3)
2023-08-30 09:18:17,299 [INFO] PluginManage:310 - Check plugin thirdparty
2023-08-30 09:18:17,644 [INFO] PluginManage:359 - Loaded plugin thirdparty (category:base,tabindex:-1)
2023-08-30 09:18:17,644 [INFO] PluginManage:310 - Check plugin tools
2023-08-30 09:18:17,644 [WARN] IntegrityCheckThread:84 - waiting for thirdparty lock release [integrity check]
2023-08-30 09:18:17,644 [INFO] IntegrityCheckThread:86 - entering critical section [integrity check]
2023-08-30 09:18:17,647 [INFO] ThirdPartyUpdaterWithRetryManager:70 - Updater plugin not ready yet. [1/15]
2023-08-30 09:18:17,687 [INFO] PluginManage:359 - Loaded plugin tools (category:base,tabindex:7)
2023-08-30 09:18:17,687 [INFO] PluginManage:310 - Check plugin tutovideos
2023-08-30 09:18:17,936 [INFO] PluginManage:359 - Loaded plugin tutovideos (category:base,tabindex:-1)
2023-08-30 09:18:17,936 [INFO] PluginManage:310 - Check plugin updater
2023-08-30 09:18:17,955 [INFO] PluginManage:359 - Loaded plugin updater (category:base,tabindex:12)
2023-08-30 09:18:17,957 [INFO] PluginManage:283 - PluginManage : Loaded plugins [15]
2023-08-30 09:18:18,274 [INFO] PinOutPanel:1499 - setPackage(No Configuration,No Configuration)
2023-08-30 09:18:18,357 [INFO] CADModel:165 - CPN selected for project level
2023-08-30 09:18:18,361 [INFO] CADModel:114 - Register for checkConnection events
2023-08-30 09:18:18,397 [INFO] IPUIPlugin:80 - create IPUIPlugin
2023-08-30 09:18:18,397 [INFO] PluginManager:220 - loadIPPluginJar : add adc
2023-08-30 09:18:18,436 [INFO] IPUIPlugin:80 - create IPUIPlugin
2023-08-30 09:18:18,436 [INFO] PluginManager:220 - loadIPPluginJar : add aes
2023-08-30 09:18:18,483 [INFO] IPUIPlugin:80 - create IPUIPlugin
2023-08-30 09:18:18,483 [INFO] PluginManager:220 - loadIPPluginJar : add can
2023-08-30 09:18:18,511 [INFO] IPUIPlugin:80 - create IPUIPlugin
2023-08-30 09:18:18,511 [INFO] PluginManager:220 - loadIPPluginJar : add comp
2023-08-30 09:18:18,551 [INFO] IPUIPlugin:80 - create IPUIPlugin
2023-08-30 09:18:18,551 [INFO] PluginManager:220 - loadIPPluginJar : add cryp
2023-08-30 09:18:18,587 [INFO] IPUIPlugin:80 - create IPUIPlugin
2023-08-30 09:18:18,587 [INFO] PluginManager:220 - loadIPPluginJar : add dfsdm
2023-08-30 09:18:18,604 [INFO] IPUIPlugin:80 - create IPUIPlugin
2023-08-30 09:18:18,604 [INFO] PluginManager:220 - loadIPPluginJar : add dma
2023-08-30 09:18:18,657 [INFO] IPUIPlugin:80 - create IPUIPlugin
2023-08-30 09:18:18,657 [INFO] PluginManager:220 - loadIPPluginJar : add dma3
2023-08-30 09:18:18,682 [INFO] IPUIPlugin:80 - create IPUIPlugin
2023-08-30 09:18:18,682 [INFO] PluginManager:220 - loadIPPluginJar : add fatfs
2023-08-30 09:18:18,732 [INFO] IPUIPlugin:80 - create IPUIPlugin
2023-08-30 09:18:18,735 [INFO] PluginManager:220 - loadIPPluginJar : add fmc
2023-08-30 09:18:18,752 [INFO] IPUIPlugin:80 - create IPUIPlugin
2023-08-30 09:18:18,752 [INFO] PluginManager:220 - loadIPPluginJar : add freertos
2023-08-30 09:18:18,784 [INFO] IPUIPlugin:80 - create IPUIPlugin
2023-08-30 09:18:18,784 [INFO] PluginManager:220 - loadIPPluginJar : add genericplugin
2023-08-30 09:18:18,889 [INFO] IPUIPlugin:80 - create IPUIPlugin
2023-08-30 09:18:18,893 [INFO] PluginManager:220 - loadIPPluginJar : add gfxmmu
2023-08-30 09:18:19,037 [INFO] IPUIPlugin:80 - create IPUIPlugin
2023-08-30 09:18:19,037 [INFO] PluginManager:220 - loadIPPluginJar : add gic
2023-08-30 09:18:19,055 [INFO] IPUIPlugin:80 - create IPUIPlugin
2023-08-30 09:18:19,055 [INFO] PluginManager:220 - loadIPPluginJar : add gpio
2023-08-30 09:18:19,151 [INFO] IPUIPlugin:80 - create IPUIPlugin
2023-08-30 09:18:19,151 [INFO] PluginManager:220 - loadIPPluginJar : add gtzc
2023-08-30 09:18:19,191 [INFO] IPUIPlugin:80 - create IPUIPlugin
2023-08-30 09:18:19,191 [INFO] PluginManager:220 - loadIPPluginJar : add hash
2023-08-30 09:18:19,258 [INFO] IPUIPlugin:80 - create IPUIPlugin
2023-08-30 09:18:19,258 [INFO] PluginManager:220 - loadIPPluginJar : add i2c
2023-08-30 09:18:19,318 [INFO] IPUIPlugin:80 - create IPUIPlugin
2023-08-30 09:18:19,318 [INFO] PluginManager:220 - loadIPPluginJar : add i2s
2023-08-30 09:18:19,370 [INFO] IPUIPlugin:80 - create IPUIPlugin
2023-08-30 09:18:19,370 [INFO] PluginManager:220 - loadIPPluginJar : add i3c
2023-08-30 09:18:19,499 [INFO] IPUIPlugin:80 - create IPUIPlugin
2023-08-30 09:18:19,499 [INFO] PluginManager:220 - loadIPPluginJar : add ipddr
2023-08-30 09:18:19,624 [INFO] IPUIPlugin:80 - create IPUIPlugin
2023-08-30 09:18:19,624 [INFO] PluginManager:220 - loadIPPluginJar : add linkedlist
2023-08-30 09:18:19,673 [INFO] IPUIPlugin:80 - create IPUIPlugin
2023-08-30 09:18:19,673 [INFO] PluginManager:220 - loadIPPluginJar : add lorawan
2023-08-30 09:18:19,722 [INFO] IPUIPlugin:80 - create IPUIPlugin
2023-08-30 09:18:19,722 [INFO] PluginManager:220 - loadIPPluginJar : add ltdc
2023-08-30 09:18:19,742 [INFO] IPUIPlugin:80 - create IPUIPlugin
2023-08-30 09:18:19,746 [INFO] PluginManager:220 - loadIPPluginJar : add mdma
2023-08-30 09:18:19,759 [INFO] IPUIPlugin:80 - create IPUIPlugin
2023-08-30 09:18:19,759 [INFO] PluginManager:220 - loadIPPluginJar : add nvic
2023-08-30 09:18:19,805 [INFO] IPUIPlugin:80 - create IPUIPlugin
2023-08-30 09:18:19,805 [INFO] PluginManager:220 - loadIPPluginJar : add opamp
2023-08-30 09:18:19,883 [INFO] IPUIPlugin:80 - create IPUIPlugin
2023-08-30 09:18:19,883 [INFO] PluginManager:220 - loadIPPluginJar : add openamp
2023-08-30 09:18:19,935 [INFO] IPUIPlugin:80 - create IPUIPlugin
2023-08-30 09:18:19,935 [INFO] PluginManager:220 - loadIPPluginJar : add pdm2pcm
2023-08-30 09:18:19,964 [INFO] IPUIPlugin:80 - create IPUIPlugin
2023-08-30 09:18:19,968 [INFO] PluginManager:220 - loadIPPluginJar : add plateformsettings
2023-08-30 09:18:20,017 [INFO] IPUIPlugin:80 - create IPUIPlugin
2023-08-30 09:18:20,017 [INFO] PluginManager:220 - loadIPPluginJar : add quadspi
2023-08-30 09:18:20,034 [INFO] IPUIPlugin:80 - create IPUIPlugin
2023-08-30 09:18:20,034 [INFO] PluginManager:220 - loadIPPluginJar : add resmgrutility
2023-08-30 09:18:20,090 [INFO] IPUIPlugin:80 - create IPUIPlugin
2023-08-30 09:18:20,094 [INFO] PluginManager:220 - loadIPPluginJar : add sai
2023-08-30 09:18:20,159 [INFO] IPUIPlugin:80 - create IPUIPlugin
2023-08-30 09:18:20,163 [INFO] PluginManager:220 - loadIPPluginJar : add spi
2023-08-30 09:18:20,239 [INFO] IPUIPlugin:80 - create IPUIPlugin
2023-08-30 09:18:20,239 [INFO] PluginManager:220 - loadIPPluginJar : add stm32_wpan
2023-08-30 09:18:20,286 [INFO] IPUIPlugin:80 - create IPUIPlugin
2023-08-30 09:18:20,286 [INFO] PluginManager:220 - loadIPPluginJar : add tim
2023-08-30 09:18:20,367 [INFO] IPUIPlugin:80 - create IPUIPlugin
2023-08-30 09:18:20,367 [INFO] PluginManager:220 - loadIPPluginJar : add touchsensing
2023-08-30 09:18:20,407 [INFO] IPUIPlugin:80 - create IPUIPlugin
2023-08-30 09:18:20,407 [INFO] PluginManager:220 - loadIPPluginJar : add tracer_emb
2023-08-30 09:18:20,442 [INFO] IPUIPlugin:80 - create IPUIPlugin
2023-08-30 09:18:20,442 [INFO] PluginManager:220 - loadIPPluginJar : add ts
2023-08-30 09:18:20,475 [INFO] IPUIPlugin:80 - create IPUIPlugin
2023-08-30 09:18:20,475 [INFO] PluginManager:220 - loadIPPluginJar : add tsc
2023-08-30 09:18:20,509 [INFO] IPUIPlugin:80 - create IPUIPlugin
2023-08-30 09:18:20,509 [INFO] PluginManager:220 - loadIPPluginJar : add ucpd
2023-08-30 09:18:20,563 [INFO] IPUIPlugin:80 - create IPUIPlugin
2023-08-30 09:18:20,563 [INFO] PluginManager:220 - loadIPPluginJar : add usart
2023-08-30 09:18:20,627 [INFO] IPUIPlugin:80 - create IPUIPlugin
2023-08-30 09:18:20,631 [INFO] PluginManager:220 - loadIPPluginJar : add usbx
2023-08-30 09:18:20,660 [INFO] ThirdPartyUpdaterWithRetryManager:70 - Updater plugin not ready yet. [2/15]
2023-08-30 09:18:20,830 [INFO] CADModel:165 - CPN selected for project level
2023-08-30 09:18:20,830 [INFO] CADModel:114 - Register for checkConnection events
2023-08-30 09:18:20,830 [FATAL] Updater:308 - Updater called before beeing initialized
2023-08-30 09:18:20,834 [ERROR] CADModel:125 - Updater not yet initialized, retry later 
2023-08-30 09:18:21,073 [INFO] CADModel:165 - CPN selected for project level
2023-08-30 09:18:21,073 [INFO] CADModel:114 - Register for checkConnection events
2023-08-30 09:18:21,073 [FATAL] Updater:308 - Updater called before beeing initialized
2023-08-30 09:18:21,077 [ERROR] CADModel:125 - Updater not yet initialized, retry later 
2023-08-30 09:18:21,082 [FATAL] Updater:308 - Updater called before beeing initialized
2023-08-30 09:18:21,231 [FATAL] Updater:308 - Updater called before beeing initialized
2023-08-30 09:18:21,249 [INFO] DbMcusAds:53 - JSON generation date=Thu Sep 30 14:55:09 SGT 2021 (1632984909247)
2023-08-30 09:18:21,249 [FATAL] Updater:308 - Updater called before beeing initialized
2023-08-30 09:18:21,294 [WARN] DetailPanel:346 - Failed to get advertising image, set to default
2023-08-30 09:18:21,407 [FATAL] Updater:308 - Updater called before beeing initialized
2023-08-30 09:18:21,411 [FATAL] Updater:308 - Updater called before beeing initialized
2023-08-30 09:18:21,411 [FATAL] Updater:308 - Updater called before beeing initialized
2023-08-30 09:18:21,411 [WARN] DetailPanel:346 - Failed to get advertising image, set to default
2023-08-30 09:18:21,413 [FATAL] Updater:308 - Updater called before beeing initialized
2023-08-30 09:18:21,479 [ERROR] Updater:1120 - MainUpdater not yet initialized. External WinMGr cannot be set.
2023-08-30 09:18:21,495 [INFO] Updater:1056 - Updater Version found : 6.8.1
2023-08-30 09:18:21,521 [INFO] ApplicationProperties:184 - Using Application install path: C:\ST\STM32CubeIDE_1.12.1\STM32CubeIDE\plugins\com.st.stm32cube.common.mx_6.8.1.202304191431
2023-08-30 09:18:21,820 [INFO] MainUpdater:2854 - connection check result : 10
2023-08-30 09:18:21,822 [INFO] MainUpdater:283 - Updater Check For Update Now.
2023-08-30 09:18:21,822 [INFO] MicroXplorer:498 - Change Database Version : DB.6.0.81
2023-08-30 09:18:22,026 [INFO] CheckServerUpdateThread:120 - End of CheckServer Thread
2023-08-30 09:18:22,078 [INFO] MainUpdater:2854 - connection check result : 10
2023-08-30 09:18:22,102 [INFO] McuFinderGlobals:66 - Set McuFinderConnectedMode to true
2023-08-30 09:18:22,787 [INFO] ServerAccessManage:473 - Download File mcusAds.json._tmp_
2023-08-30 09:18:22,927 [INFO] LoadUrlFilesThread:156 - End of LoadUrlFiles Thread
2023-08-30 09:18:23,329 [INFO] ServerAccessManage:473 - Download File cube-finder-db.zip
2023-08-30 09:18:23,672 [WARN] MainUpdater:1187 - Updater busy. Cannot search thirdparties
2023-08-30 09:18:23,674 [INFO] ThirdPartyUpdaterWithRetryManager:96 - Updater plugin is busy. [1/15]
2023-08-30 09:18:26,686 [WARN] MainUpdater:1187 - Updater busy. Cannot search thirdparties
2023-08-30 09:18:26,686 [INFO] ThirdPartyUpdaterWithRetryManager:96 - Updater plugin is busy. [2/15]
2023-08-30 09:18:29,690 [WARN] MainUpdater:1187 - Updater busy. Cannot search thirdparties
2023-08-30 09:18:29,690 [INFO] ThirdPartyUpdaterWithRetryManager:96 - Updater plugin is busy. [3/15]
2023-08-30 09:18:32,691 [WARN] MainUpdater:1187 - Updater busy. Cannot search thirdparties
2023-08-30 09:18:32,691 [INFO] ThirdPartyUpdaterWithRetryManager:96 - Updater plugin is busy. [4/15]
2023-08-30 09:18:35,700 [WARN] MainUpdater:1187 - Updater busy. Cannot search thirdparties
2023-08-30 09:18:35,700 [INFO] ThirdPartyUpdaterWithRetryManager:96 - Updater plugin is busy. [5/15]
2023-08-30 09:18:38,020 [INFO] FileExtend:240 - Unzip File : cube-finder-db.zip
2023-08-30 09:18:38,020 [INFO] FileExtend:255 - Standard Zip Deflate
2023-08-30 09:18:38,710 [WARN] MainUpdater:1187 - Updater busy. Cannot search thirdparties
2023-08-30 09:18:38,710 [INFO] ThirdPartyUpdaterWithRetryManager:96 - Updater plugin is busy. [6/15]
2023-08-30 09:18:39,834 [INFO] LoadUrlFilesThread:156 - End of LoadUrlFiles Thread
2023-08-30 09:18:41,514 [INFO] ServerAccessManage:473 - Download File crdb.zip
2023-08-30 09:18:41,725 [WARN] MainUpdater:1187 - Updater busy. Cannot search thirdparties
2023-08-30 09:18:41,725 [INFO] ThirdPartyUpdaterWithRetryManager:96 - Updater plugin is busy. [7/15]
2023-08-30 09:18:43,737 [INFO] FileExtend:240 - Unzip File : crdb.zip
2023-08-30 09:18:43,737 [INFO] FileExtend:255 - Standard Zip Deflate
2023-08-30 09:18:43,898 [INFO] LoadUrlFilesThread:156 - End of LoadUrlFiles Thread
2023-08-30 09:18:44,184 [INFO] ServerAccessManage:473 - Download File tutoVideoDB.zip
2023-08-30 09:18:44,370 [INFO] FileExtend:240 - Unzip File : tutoVideoDB.zip
2023-08-30 09:18:44,371 [INFO] FileExtend:255 - Standard Zip Deflate
2023-08-30 09:18:44,503 [INFO] LoadUrlFilesThread:156 - End of LoadUrlFiles Thread
2023-08-30 09:18:44,511 [WARN] DbFile:41 - Overriding database path with different value: C:\Users\MARIANO\.stmcufinder\plugins\mcufinder/ => C:\Users\MARIANO\.stmcufinder\plugins\mcufinder
2023-08-30 09:18:44,726 [WARN] MainUpdater:1187 - Updater busy. Cannot search thirdparties
2023-08-30 09:18:44,726 [INFO] ThirdPartyUpdaterWithRetryManager:96 - Updater plugin is busy. [8/15]
2023-08-30 09:18:44,743 [INFO] ServerAccessManage:473 - Download File api_config.json
2023-08-30 09:18:44,861 [INFO] LoadUrlFilesThread:156 - End of LoadUrlFiles Thread
2023-08-30 09:18:44,861 [INFO] DbMcusAds:53 - JSON generation date=Tue Mar 07 16:50:55 SGT 2023 (1678179055114)
2023-08-30 09:18:45,081 [INFO] ServerAccessManage:473 - Download File 
2023-08-30 09:18:45,107 [INFO] LoadUrlFilesThread:185 - End of LoadServerUrlFiles without Thread
2023-08-30 09:18:45,107 [INFO] TargetSelectorAdapter:259 - Refresh data is successful
2023-08-30 09:18:45,230 [INFO] ApiDb:581 - Connected to CubeFinder SQLite database (C:\Users\MARIANO\.stmcufinder\plugins\mcufinder\mcu\cube-finder-db.db)
2023-08-30 09:18:45,295 [INFO] ApiDb:668 - CubeFinder database Data Model version=2.1
2023-08-30 09:18:45,295 [INFO] ApiDb:669 - CubeFinder database Configuration version=3.0.37
2023-08-30 09:18:45,295 [INFO] ApiDb:670 - CubeFinder database generation date=2023-08-09 (1691586011)
2023-08-30 09:18:45,295 [INFO] ApiDb:671 - CubeFinder database FW Pack versions=[FP-ATR-ASTRA1_V2.0.0, FP-SNS-FLIGHT1_V5.0.1, FP-SNS-FLIGHT1_V5.0.2, FP-SNS-MOTENV1_V4.3.1, FP-SNS-MOTENV1_V4.3.2, STM32Cube_FW_C0_V1.1.0, STM32Cube_FW_F4_V1.27.1, STM32Cube_FW_F7_V1.17.0, STM32Cube_FW_G0_V1.6.1, STM32Cube_FW_G4_V1.5.1, STM32Cube_FW_H5_V0.5.1, STM32Cube_FW_H5_V1.1.0, STM32Cube_FW_H7_V1.11.0, STM32Cube_FW_L0_V1.12.2, STM32Cube_FW_L5_V1.5.0, STM32Cube_FW_U5_V1.3.0, STM32Cube_FW_U5_V1.3.0RC4, STM32Cube_FW_WBA_V1.0.0RC1, STM32Cube_FW_WBA_V1.1.0, STM32Cube_FW_WBA_V1.1.0RC1, STM32Cube_FW_WB_V1.15.0RC1, STM32Cube_FW_WB_V1.16.0, STM32Cube_FW_WB_V1.16.0RC2, STM32Cube_FW_WB_V1.17.0, STM32Cube_FW_WL_V1.3.0, X-CUBE-ALGOBUILD_V1.3.0, X-CUBE-ALS_V1.0.1, X-CUBE-AZRTOS-F4_V1.1.0, X-CUBE-AZRTOS-F7_V1.1.0, X-CUBE-AZRTOS-G0_V1.1.0, X-CUBE-AZRTOS-G4_V2.0.0, X-CUBE-AZRTOS-H7_V3.1.0, X-CUBE-AZRTOS-L4_V1.0.0, X-CUBE-AZRTOS-L4_V2.0.0, X-CUBE-AZRTOS-L5_V1.1.0, X-CUBE-AZRTOS-WB_V1.1.0, X-CUBE-AZRTOS-WL_V2.0.0, X-CUBE-BLE1_V7.0.0, X-CUBE-BLE2_V3.3.0, X-CUBE-BLEMGR_V2.0.0, X-CUBE-EEPRMA1_V4.1.0, X-CUBE-FREERTOS_V1.1.0, X-CUBE-GNSS1_V6.0.0, X-CUBE-MEMS1_V9.1.0, X-CUBE-MEMS1_V9.4.0, X-CUBE-MEMS1_V9.6.0, X-CUBE-NFC4_V3.0.0, X-CUBE-NFC7_V1.0.0, X-CUBE-SFXS2LP1_V4.0.0, X-CUBE-SUBG2_V5.0.0, X-CUBE-TOF1_V3.3.1]
2023-08-30 09:18:47,279 [INFO] ApiDb:240 - Found 297 in-development CPN: [B-G473E-ZEST1S, B-WB1M-WPAN1, B-WL5M-SUBG1, NUCLEO-C031C6, NUCLEO-H503RB, NUCLEO-H563ZI, NUCLEO-U545RE-Q, NUCLEO-U5A5ZJ-Q, NUCLEO-WBA52CG, STEVAL-PROTEUS1, STEVAL-STWINBX1, STM320518-EVAL, STM32C0116-DK, STM32C011D6Y3TR, STM32C011D6Y6TR, STM32C011F4P3, STM32C011F4P6, STM32C011F4U3, STM32C011F4U6TR, STM32C011F6P3, STM32C011F6P6, STM32C011F6U3, STM32C011F6U6TR, STM32C011J4M3, STM32C011J4M6, STM32C011J6M3, STM32C011J6M6, STM32C0316-DK, STM32C031C4T3, STM32C031C4T6, STM32C031C4U3, STM32C031C4U6, STM32C031C6T3, STM32C031C6T6, STM32C031C6U3, STM32C031C6U6, STM32C031F4P3, STM32C031F4P6, STM32C031F6P3, STM32C031F6P6, STM32C031G4U3, STM32C031G4U6, STM32C031G6U3, STM32C031G6U6, STM32C031K4T3, STM32C031K4T6, STM32C031K4U3, STM32C031K4U6, STM32C031K6T3, STM32C031K6T6, STM32C031K6U3, STM32C031K6U6, STM32G071K8TXN, STM32G071K8UXN, STM32G081GBU6N, STM32G081KBT6N, STM32G081KBUXN, STM32G0B1CCT6N, STM32G0B1KCT6, STM32G0B1NEY6TR, STM32G0B1RCT6N, STM32G0C1CCT6, STM32G0C1CCT6N, STM32G0C1CCU6N, STM32G0C1CET6N, STM32G0C1CEU6N, STM32G0C1KCT6, STM32G0C1NEY6TR, STM32G0C1RCI6N, STM32G0C1RCT6N, STM32G0C1REI6N, STM32G0C1RET6N, STM32G0C1VCI6, STM32G0C1VEI6, STM32G471CCT6, STM32G471CCU6, STM32G471CET3, STM32G471CET6, STM32G471CEU3, STM32G471CEU6, STM32G471MCT6, STM32G471MET3, STM32G471MET6, STM32G471MEY6TR, STM32G471QCT6, STM32G471QET3, STM32G471RCT6, STM32G471RET3, STM32G471RET6, STM32G471VCH6, STM32G471VCI6, STM32G471VCT6, STM32G471VEH3, STM32G471VEH6, STM32G471VEI3, STM32G471VEI6, STM32G471VET3, STM32G471VET6, STM32G474CCT6, STM32H503CBT6, STM32H503CBU6, STM32H503EBY6TR, STM32H503KBU6, STM32H503RBT6, STM32H562AGI6, STM32H562AII6, STM32H562IGK6, STM32H562IGT6, STM32H562IIK6, STM32H562IIT6, STM32H562RGT6, STM32H562RGV6, STM32H562RIT6, STM32H562RIV6, STM32H562VGT6, STM32H562VIT6, STM32H562ZGT6, STM32H562ZIT6, STM32H563AGI6, STM32H563AII3Q, STM32H563AII6, STM32H563IGK6, STM32H563IGT6, STM32H563IIK3Q, STM32H563IIK6, STM32H563IIT3Q, STM32H563IIT6, STM32H563MIY3QTR, STM32H563RGT6, STM32H563RGV6, STM32H563RIT6, STM32H563RIV6, STM32H563VGT6, STM32H563VIT3Q, STM32H563VIT6, STM32H563ZGT6, STM32H563ZIT3Q, STM32H563ZIT6, STM32H573AII3Q, STM32H573AII6, STM32H573I-DK, STM32H573IIK3Q, STM32H573IIK6, STM32H573IIT3Q, STM32H573IIT6, STM32H573MIY3QTR, STM32H573RIT6, STM32H573RIV6, STM32H573VIT3Q, STM32H573VIT6, STM32H573ZIT3Q, STM32H573ZIT6, STM32L4R5QGI6STR, STM32MP131AAE3, STM32MP131AAF3, STM32MP131AAG3, STM32MP131CAE3, STM32MP131CAF3, STM32MP131CAG3, STM32MP131DAE7, STM32MP131DAF7, STM32MP131DAG7, STM32MP131FAE7, STM32MP131FAF7, STM32MP131FAG7, STM32MP133AAE3, STM32MP133AAF3, STM32MP133AAG3, STM32MP133CAE3, STM32MP133CAF3, STM32MP133CAG3, STM32MP133DAE7, STM32MP133DAF7, STM32MP133DAG7, STM32MP133FAE7, STM32MP133FAF7, STM32MP133FAG7, STM32MP135AAE3, STM32MP135AAF3, STM32MP135AAG3, STM32MP135CAE3, STM32MP135CAF3, STM32MP135CAG3, STM32MP135DAE7, STM32MP135DAF7, STM32MP135DAG7, STM32MP135F-DK, STM32MP135FAE7, STM32MP135FAF7, STM32MP135FAF7T, STM32MP135FAF7U, STM32MP135FAG7, STM32U535CBT6, STM32U535CBT6Q, STM32U535CBU6, STM32U535CBU6Q, STM32U535CCT6, STM32U535CCT6Q, STM32U535CCU6, STM32U535CCU6Q, STM32U535CET6, STM32U535CET6Q, STM32U535CEU6, STM32U535CEU6Q, STM32U535JEY6QTR, STM32U535NCY6QTR, STM32U535NEY6QTR, STM32U535RBI6, STM32U535RBI6Q, STM32U535RBT6, STM32U535RBT6Q, STM32U535RCI6, STM32U535RCI6Q, STM32U535RCT6, STM32U535RCT6Q, STM32U535REI6, STM32U535REI6Q, STM32U535RET6, STM32U535RET6Q, STM32U535VCI6, STM32U535VCI6Q, STM32U535VCT6, STM32U535VCT6Q, STM32U535VEI6, STM32U535VEI6Q, STM32U535VET6, STM32U535VET6Q, STM32U545CET6, STM32U545CET6Q, STM32U545CEU6, STM32U545CEU6Q, STM32U545JEY6QTR, STM32U545NEY6QTR, STM32U545REI6, STM32U545REI6Q, STM32U545RET6, STM32U545RET6Q, STM32U545VEI6, STM32U545VEI6Q, STM32U545VET6, STM32U545VET6Q, STM32U595AIH6, STM32U595AIH6Q, STM32U595AJH6, STM32U595AJH6Q, STM32U595QII6, STM32U595QII6Q, STM32U595QJI6, STM32U595QJI6Q, STM32U595RIT6, STM32U595RIT6Q, STM32U595RJT6, STM32U595RJT6Q, STM32U595VIT6, STM32U595VIT6Q, STM32U595VJT6, STM32U595VJT6Q, STM32U595ZIT6, STM32U595ZIT6Q, STM32U595ZIY6QTR, STM32U595ZJT6, STM32U595ZJT6Q, STM32U595ZJY6QTR, STM32U599BJY6QTR, STM32U599NIH6Q, STM32U599NJH6Q, STM32U599VIT6Q, STM32U599VJT6, STM32U599VJT6Q, STM32U599ZIT6Q, STM32U599ZIY6QTR, STM32U599ZJT6Q, STM32U599ZJY6QTR, STM32U5A5AJH6, STM32U5A5AJH6Q, STM32U5A5QJI6, STM32U5A5QJI6Q, STM32U5A5RJT6, STM32U5A5RJT6Q, STM32U5A5VJT6, STM32U5A5VJT6Q, STM32U5A5ZJT6, STM32U5A5ZJT6Q, STM32U5A5ZJY6QTR, STM32U5A9BJY6QTR, STM32U5A9J-DK, STM32U5A9NJH6Q, STM32U5A9VJT6Q, STM32U5A9ZJT6Q, STM32U5A9ZJY6QTR, STM32WB1MMCH6, STM32WBA52CEU6, STM32WBA52CEU6T, STM32WBA52CGU6, STM32WBA52CGU6T, STM32WL5MOCH6, STM32WL5MOCH6TR]
2023-08-30 09:18:47,281 [INFO] DbMcus:216 - Found 3825 MCUs, 3825 are supported
2023-08-30 09:18:47,285 [INFO] ApiDb:423 - Load user favorites file C:\Users\MARIANO/.stm32cubeide/favorites.mcus.txt: 0 item(s)
2023-08-30 09:18:47,285 [INFO] ApiDb:427 - User favorites MCUs=[]
2023-08-30 09:18:47,285 [INFO] DbMcus:222 - Set 0 / 0 favorites MCUs
2023-08-30 09:18:47,568 [INFO] ApiDb:668 - CubeFinder database Data Model version=2.1
2023-08-30 09:18:47,568 [INFO] ApiDb:669 - CubeFinder database Configuration version=3.0.37
2023-08-30 09:18:47,568 [INFO] ApiDb:670 - CubeFinder database generation date=2023-08-09 (1691586011)
2023-08-30 09:18:47,568 [INFO] ApiDb:671 - CubeFinder database FW Pack versions=[FP-ATR-ASTRA1_V2.0.0, FP-SNS-FLIGHT1_V5.0.1, FP-SNS-FLIGHT1_V5.0.2, FP-SNS-MOTENV1_V4.3.1, FP-SNS-MOTENV1_V4.3.2, STM32Cube_FW_C0_V1.1.0, STM32Cube_FW_F4_V1.27.1, STM32Cube_FW_F7_V1.17.0, STM32Cube_FW_G0_V1.6.1, STM32Cube_FW_G4_V1.5.1, STM32Cube_FW_H5_V0.5.1, STM32Cube_FW_H5_V1.1.0, STM32Cube_FW_H7_V1.11.0, STM32Cube_FW_L0_V1.12.2, STM32Cube_FW_L5_V1.5.0, STM32Cube_FW_U5_V1.3.0, STM32Cube_FW_U5_V1.3.0RC4, STM32Cube_FW_WBA_V1.0.0RC1, STM32Cube_FW_WBA_V1.1.0, STM32Cube_FW_WBA_V1.1.0RC1, STM32Cube_FW_WB_V1.15.0RC1, STM32Cube_FW_WB_V1.16.0, STM32Cube_FW_WB_V1.16.0RC2, STM32Cube_FW_WB_V1.17.0, STM32Cube_FW_WL_V1.3.0, X-CUBE-ALGOBUILD_V1.3.0, X-CUBE-ALS_V1.0.1, X-CUBE-AZRTOS-F4_V1.1.0, X-CUBE-AZRTOS-F7_V1.1.0, X-CUBE-AZRTOS-G0_V1.1.0, X-CUBE-AZRTOS-G4_V2.0.0, X-CUBE-AZRTOS-H7_V3.1.0, X-CUBE-AZRTOS-L4_V1.0.0, X-CUBE-AZRTOS-L4_V2.0.0, X-CUBE-AZRTOS-L5_V1.1.0, X-CUBE-AZRTOS-WB_V1.1.0, X-CUBE-AZRTOS-WL_V2.0.0, X-CUBE-BLE1_V7.0.0, X-CUBE-BLE2_V3.3.0, X-CUBE-BLEMGR_V2.0.0, X-CUBE-EEPRMA1_V4.1.0, X-CUBE-FREERTOS_V1.1.0, X-CUBE-GNSS1_V6.0.0, X-CUBE-MEMS1_V9.1.0, X-CUBE-MEMS1_V9.4.0, X-CUBE-MEMS1_V9.6.0, X-CUBE-NFC4_V3.0.0, X-CUBE-NFC7_V1.0.0, X-CUBE-SFXS2LP1_V4.0.0, X-CUBE-SUBG2_V5.0.0, X-CUBE-TOF1_V3.3.1]
2023-08-30 09:18:47,631 [INFO] DbBoardsSqlite:226 - include board P-NUCLEO-WB55-NUCLEO as a kit item of type 'Nucleo-64'
2023-08-30 09:18:47,631 [INFO] DbBoardsSqlite:226 - include board P-NUCLEO-WB55-USBDONGLE as a kit item of type 'Nucleo USB Dongle'
2023-08-30 09:18:47,631 [INFO] DbBoardsSqlite:226 - include board STEVAL-IDP005V1 as a kit item of type 'Evaluation Board'
2023-08-30 09:18:47,631 [INFO] DbBoardsSqlite:226 - include board STEVAL-IDP005V2 as a kit item of type 'Evaluation Board'
2023-08-30 09:18:47,718 [INFO] ApiDb:240 - Found 297 in-development CPN: [B-G473E-ZEST1S, B-WB1M-WPAN1, B-WL5M-SUBG1, NUCLEO-C031C6, NUCLEO-H503RB, NUCLEO-H563ZI, NUCLEO-U545RE-Q, NUCLEO-U5A5ZJ-Q, NUCLEO-WBA52CG, STEVAL-PROTEUS1, STEVAL-STWINBX1, STM320518-EVAL, STM32C0116-DK, STM32C011D6Y3TR, STM32C011D6Y6TR, STM32C011F4P3, STM32C011F4P6, STM32C011F4U3, STM32C011F4U6TR, STM32C011F6P3, STM32C011F6P6, STM32C011F6U3, STM32C011F6U6TR, STM32C011J4M3, STM32C011J4M6, STM32C011J6M3, STM32C011J6M6, STM32C0316-DK, STM32C031C4T3, STM32C031C4T6, STM32C031C4U3, STM32C031C4U6, STM32C031C6T3, STM32C031C6T6, STM32C031C6U3, STM32C031C6U6, STM32C031F4P3, STM32C031F4P6, STM32C031F6P3, STM32C031F6P6, STM32C031G4U3, STM32C031G4U6, STM32C031G6U3, STM32C031G6U6, STM32C031K4T3, STM32C031K4T6, STM32C031K4U3, STM32C031K4U6, STM32C031K6T3, STM32C031K6T6, STM32C031K6U3, STM32C031K6U6, STM32G071K8TXN, STM32G071K8UXN, STM32G081GBU6N, STM32G081KBT6N, STM32G081KBUXN, STM32G0B1CCT6N, STM32G0B1KCT6, STM32G0B1NEY6TR, STM32G0B1RCT6N, STM32G0C1CCT6, STM32G0C1CCT6N, STM32G0C1CCU6N, STM32G0C1CET6N, STM32G0C1CEU6N, STM32G0C1KCT6, STM32G0C1NEY6TR, STM32G0C1RCI6N, STM32G0C1RCT6N, STM32G0C1REI6N, STM32G0C1RET6N, STM32G0C1VCI6, STM32G0C1VEI6, STM32G471CCT6, STM32G471CCU6, STM32G471CET3, STM32G471CET6, STM32G471CEU3, STM32G471CEU6, STM32G471MCT6, STM32G471MET3, STM32G471MET6, STM32G471MEY6TR, STM32G471QCT6, STM32G471QET3, STM32G471RCT6, STM32G471RET3, STM32G471RET6, STM32G471VCH6, STM32G471VCI6, STM32G471VCT6, STM32G471VEH3, STM32G471VEH6, STM32G471VEI3, STM32G471VEI6, STM32G471VET3, STM32G471VET6, STM32G474CCT6, STM32H503CBT6, STM32H503CBU6, STM32H503EBY6TR, STM32H503KBU6, STM32H503RBT6, STM32H562AGI6, STM32H562AII6, STM32H562IGK6, STM32H562IGT6, STM32H562IIK6, STM32H562IIT6, STM32H562RGT6, STM32H562RGV6, STM32H562RIT6, STM32H562RIV6, STM32H562VGT6, STM32H562VIT6, STM32H562ZGT6, STM32H562ZIT6, STM32H563AGI6, STM32H563AII3Q, STM32H563AII6, STM32H563IGK6, STM32H563IGT6, STM32H563IIK3Q, STM32H563IIK6, STM32H563IIT3Q, STM32H563IIT6, STM32H563MIY3QTR, STM32H563RGT6, STM32H563RGV6, STM32H563RIT6, STM32H563RIV6, STM32H563VGT6, STM32H563VIT3Q, STM32H563VIT6, STM32H563ZGT6, STM32H563ZIT3Q, STM32H563ZIT6, STM32H573AII3Q, STM32H573AII6, STM32H573I-DK, STM32H573IIK3Q, STM32H573IIK6, STM32H573IIT3Q, STM32H573IIT6, STM32H573MIY3QTR, STM32H573RIT6, STM32H573RIV6, STM32H573VIT3Q, STM32H573VIT6, STM32H573ZIT3Q, STM32H573ZIT6, STM32L4R5QGI6STR, STM32MP131AAE3, STM32MP131AAF3, STM32MP131AAG3, STM32MP131CAE3, STM32MP131CAF3, STM32MP131CAG3, STM32MP131DAE7, STM32MP131DAF7, STM32MP131DAG7, STM32MP131FAE7, STM32MP131FAF7, STM32MP131FAG7, STM32MP133AAE3, STM32MP133AAF3, STM32MP133AAG3, STM32MP133CAE3, STM32MP133CAF3, STM32MP133CAG3, STM32MP133DAE7, STM32MP133DAF7, STM32MP133DAG7, STM32MP133FAE7, STM32MP133FAF7, STM32MP133FAG7, STM32MP135AAE3, STM32MP135AAF3, STM32MP135AAG3, STM32MP135CAE3, STM32MP135CAF3, STM32MP135CAG3, STM32MP135DAE7, STM32MP135DAF7, STM32MP135DAG7, STM32MP135F-DK, STM32MP135FAE7, STM32MP135FAF7, STM32MP135FAF7T, STM32MP135FAF7U, STM32MP135FAG7, STM32U535CBT6, STM32U535CBT6Q, STM32U535CBU6, STM32U535CBU6Q, STM32U535CCT6, STM32U535CCT6Q, STM32U535CCU6, STM32U535CCU6Q, STM32U535CET6, STM32U535CET6Q, STM32U535CEU6, STM32U535CEU6Q, STM32U535JEY6QTR, STM32U535NCY6QTR, STM32U535NEY6QTR, STM32U535RBI6, STM32U535RBI6Q, STM32U535RBT6, STM32U535RBT6Q, STM32U535RCI6, STM32U535RCI6Q, STM32U535RCT6, STM32U535RCT6Q, STM32U535REI6, STM32U535REI6Q, STM32U535RET6, STM32U535RET6Q, STM32U535VCI6, STM32U535VCI6Q, STM32U535VCT6, STM32U535VCT6Q, STM32U535VEI6, STM32U535VEI6Q, STM32U535VET6, STM32U535VET6Q, STM32U545CET6, STM32U545CET6Q, STM32U545CEU6, STM32U545CEU6Q, STM32U545JEY6QTR, STM32U545NEY6QTR, STM32U545REI6, STM32U545REI6Q, STM32U545RET6, STM32U545RET6Q, STM32U545VEI6, STM32U545VEI6Q, STM32U545VET6, STM32U545VET6Q, STM32U595AIH6, STM32U595AIH6Q, STM32U595AJH6, STM32U595AJH6Q, STM32U595QII6, STM32U595QII6Q, STM32U595QJI6, STM32U595QJI6Q, STM32U595RIT6, STM32U595RIT6Q, STM32U595RJT6, STM32U595RJT6Q, STM32U595VIT6, STM32U595VIT6Q, STM32U595VJT6, STM32U595VJT6Q, STM32U595ZIT6, STM32U595ZIT6Q, STM32U595ZIY6QTR, STM32U595ZJT6, STM32U595ZJT6Q, STM32U595ZJY6QTR, STM32U599BJY6QTR, STM32U599NIH6Q, STM32U599NJH6Q, STM32U599VIT6Q, STM32U599VJT6, STM32U599VJT6Q, STM32U599ZIT6Q, STM32U599ZIY6QTR, STM32U599ZJT6Q, STM32U599ZJY6QTR, STM32U5A5AJH6, STM32U5A5AJH6Q, STM32U5A5QJI6, STM32U5A5QJI6Q, STM32U5A5RJT6, STM32U5A5RJT6Q, STM32U5A5VJT6, STM32U5A5VJT6Q, STM32U5A5ZJT6, STM32U5A5ZJT6Q, STM32U5A5ZJY6QTR, STM32U5A9BJY6QTR, STM32U5A9J-DK, STM32U5A9NJH6Q, STM32U5A9VJT6Q, STM32U5A9ZJT6Q, STM32U5A9ZJY6QTR, STM32WB1MMCH6, STM32WBA52CEU6, STM32WBA52CEU6T, STM32WBA52CGU6, STM32WBA52CGU6T, STM32WL5MOCH6, STM32WL5MOCH6TR]
2023-08-30 09:18:47,867 [INFO] BoardInfo:880 - No configuration file found for board P-NUCLEO-WB55
2023-08-30 09:18:47,871 [INFO] DbBoards:157 - Kit is not supported: P-NUCLEO-WB55
2023-08-30 09:18:47,879 [INFO] BoardInfo:880 - No configuration file found for board STEVAL-BFA001V1B
2023-08-30 09:18:47,879 [INFO] DbBoards:157 - Kit is not supported: STEVAL-BFA001V1B
2023-08-30 09:18:47,881 [INFO] BoardInfo:880 - No configuration file found for board STEVAL-BFA001V2B
2023-08-30 09:18:47,882 [INFO] DbBoards:157 - Kit is not supported: STEVAL-BFA001V2B
2023-08-30 09:18:47,892 [INFO] BoardInfo:880 - No configuration file found for board STEVAL-SMARTAG2
2023-08-30 09:18:47,892 [INFO] DbBoards:157 - Board is not supported: STEVAL-SMARTAG2
2023-08-30 09:18:47,930 [WARN] PackLoader:240 - Cannot read IP mode file for STMicroelectronics.X-CUBE-SMBUS.2.1.0
2023-08-30 09:18:48,015 [WARN] PackLoader:240 - Cannot read IP mode file for STMicroelectronics.X-CUBE-AZRTOS-F7.1.1.0
2023-08-30 09:18:48,043 [WARN] PackLoader:240 - Cannot read IP mode file for STMicroelectronics.FP-SNS-MOTENV1.4.3.2
2023-08-30 09:18:48,064 [WARN] PackLoader:240 - Cannot read IP mode file for STMicroelectronics.FP-SNS-FLIGHT1.5.0.2
2023-08-30 09:18:48,093 [WARN] PackLoader:240 - Cannot read IP mode file for STMicroelectronics.X-CUBE-DISPLAY.3.0.0
2023-08-30 09:18:48,093 [INFO] DbBoards:161 - Found 188 boards, 184 are supported
2023-08-30 09:18:48,100 [INFO] ApiDb:423 - Load user favorites file C:\Users\MARIANO/.stm32cubeide/favorites.boards.txt: 0 item(s)
2023-08-30 09:18:48,100 [INFO] ApiDb:427 - User favorites Boards=[]
2023-08-30 09:18:48,104 [INFO] DbBoards:190 - Set 0 / 0 favorites Boards
2023-08-30 09:18:48,108 [INFO] ApiDb:668 - CubeFinder database Data Model version=2.1
2023-08-30 09:18:48,108 [INFO] ApiDb:669 - CubeFinder database Configuration version=3.0.37
2023-08-30 09:18:48,108 [INFO] ApiDb:670 - CubeFinder database generation date=2023-08-09 (1691586011)
2023-08-30 09:18:48,108 [INFO] ApiDb:671 - CubeFinder database FW Pack versions=[FP-ATR-ASTRA1_V2.0.0, FP-SNS-FLIGHT1_V5.0.1, FP-SNS-FLIGHT1_V5.0.2, FP-SNS-MOTENV1_V4.3.1, FP-SNS-MOTENV1_V4.3.2, STM32Cube_FW_C0_V1.1.0, STM32Cube_FW_F4_V1.27.1, STM32Cube_FW_F7_V1.17.0, STM32Cube_FW_G0_V1.6.1, STM32Cube_FW_G4_V1.5.1, STM32Cube_FW_H5_V0.5.1, STM32Cube_FW_H5_V1.1.0, STM32Cube_FW_H7_V1.11.0, STM32Cube_FW_L0_V1.12.2, STM32Cube_FW_L5_V1.5.0, STM32Cube_FW_U5_V1.3.0, STM32Cube_FW_U5_V1.3.0RC4, STM32Cube_FW_WBA_V1.0.0RC1, STM32Cube_FW_WBA_V1.1.0, STM32Cube_FW_WBA_V1.1.0RC1, STM32Cube_FW_WB_V1.15.0RC1, STM32Cube_FW_WB_V1.16.0, STM32Cube_FW_WB_V1.16.0RC2, STM32Cube_FW_WB_V1.17.0, STM32Cube_FW_WL_V1.3.0, X-CUBE-ALGOBUILD_V1.3.0, X-CUBE-ALS_V1.0.1, X-CUBE-AZRTOS-F4_V1.1.0, X-CUBE-AZRTOS-F7_V1.1.0, X-CUBE-AZRTOS-G0_V1.1.0, X-CUBE-AZRTOS-G4_V2.0.0, X-CUBE-AZRTOS-H7_V3.1.0, X-CUBE-AZRTOS-L4_V1.0.0, X-CUBE-AZRTOS-L4_V2.0.0, X-CUBE-AZRTOS-L5_V1.1.0, X-CUBE-AZRTOS-WB_V1.1.0, X-CUBE-AZRTOS-WL_V2.0.0, X-CUBE-BLE1_V7.0.0, X-CUBE-BLE2_V3.3.0, X-CUBE-BLEMGR_V2.0.0, X-CUBE-EEPRMA1_V4.1.0, X-CUBE-FREERTOS_V1.1.0, X-CUBE-GNSS1_V6.0.0, X-CUBE-MEMS1_V9.1.0, X-CUBE-MEMS1_V9.4.0, X-CUBE-MEMS1_V9.6.0, X-CUBE-NFC4_V3.0.0, X-CUBE-NFC7_V1.0.0, X-CUBE-SFXS2LP1_V4.0.0, X-CUBE-SUBG2_V5.0.0, X-CUBE-TOF1_V3.3.1]
2023-08-30 09:18:48,117 [WARN] PackLoader:240 - Cannot read IP mode file for STMicroelectronics.X-CUBE-BLE1.7.0.0
2023-08-30 09:18:48,143 [WARN] PackLoader:240 - Cannot read IP mode file for emotas.I-CUBE-CANOPEN.1.3.0
2023-08-30 09:18:48,164 [WARN] PackLoader:240 - Cannot read IP mode file for STMicroelectronics.X-CUBE-TOUCHGFX.4.22.0
2023-08-30 09:18:48,191 [INFO] LogOutputStream:77 - [STDOUT_REDIRECT] 1 : Invalid condition id : UX_CORESTACK_Condition cause : null
2023-08-30 09:18:48,191 [INFO] LogOutputStream:77 - [STDOUT_REDIRECT] 1 : Invalid condition id : UX_CORESTACK_Condition cause : null
2023-08-30 09:18:48,191 [INFO] LogOutputStream:77 - [STDOUT_REDIRECT] 1 : Invalid condition id : UX_CORESTACK_Condition cause : null
2023-08-30 09:18:48,195 [INFO] LogOutputStream:77 - [STDOUT_REDIRECT] 1 : Invalid condition id : UX_CORESTACK_Condition cause : null
2023-08-30 09:18:48,196 [INFO] LogOutputStream:77 - [STDOUT_REDIRECT] 1 : Invalid condition id : UX_CORESTACK_Condition cause : null
2023-08-30 09:18:48,199 [WARN] PackLoader:240 - Cannot read IP mode file for STMicroelectronics.X-CUBE-AZRTOS-WL.2.0.0
2023-08-30 09:18:48,224 [WARN] PackLoader:240 - Cannot read IP mode file for WES.I-CUBE-Cesium.1.3.0
2023-08-30 09:18:48,241 [WARN] PackLoader:240 - Cannot read IP mode file for STMicroelectronics.X-CUBE-BLE2.3.3.0
2023-08-30 09:18:48,263 [WARN] PackLoader:240 - Cannot read IP mode file for STMicroelectronics.X-CUBE-ALGOBUILD.1.3.0
2023-08-30 09:18:48,300 [WARN] PackLoader:240 - Cannot read IP mode file for STMicroelectronics.X-CUBE-AZRTOS-G0.1.1.0
2023-08-30 09:18:48,330 [WARN] PackLoader:240 - Cannot read IP mode file for STMicroelectronics.X-CUBE-NFC4.3.0.0
2023-08-30 09:18:48,346 [WARN] PackLoader:240 - Cannot read IP mode file for STMicroelectronics.FP-ATR-SIGFOX1.3.2.0
2023-08-30 09:18:48,362 [WARN] PackLoader:240 - Cannot read IP mode file for STMicroelectronics.X-CUBE-GNSS1.6.0.0
2023-08-30 09:18:48,424 [WARN] PackLoader:240 - Cannot read IP mode file for STMicroelectronics.X-CUBE-AZRTOS-F4.1.1.0
2023-08-30 09:18:48,467 [WARN] PackLoader:240 - Cannot read IP mode file for wolfSSL.I-CUBE-wolfSSL.5.6.3
2023-08-30 09:18:48,511 [WARN] PackLoader:240 - Cannot read IP mode file for STMicroelectronics.X-CUBE-AZRTOS-L5.2.0.0
2023-08-30 09:18:48,598 [WARN] PackLoader:240 - Cannot read IP mode file for STMicroelectronics.X-CUBE-MEMS1.9.6.0
2023-08-30 09:18:48,789 [WARN] PackLoader:240 - Cannot read IP mode file for STMicroelectronics.X-CUBE-BLEMGR.2.0.0
2023-08-30 09:18:48,858 [WARN] ConditionMgr:438 - getConditionDescription Invalid condition id : UX DEVICE CLASS RTOS Condition cause : null
2023-08-30 09:18:48,858 [WARN] ConditionMgr:438 - getConditionDescription Invalid condition id : UX DEVICE CLASS RTOS Condition cause : null
2023-08-30 09:18:48,862 [WARN] PackLoader:240 - Cannot read IP mode file for STMicroelectronics.X-CUBE-AZRTOS-H7.3.1.0
2023-08-30 09:18:48,862 [WARN] ConditionMgr:1039 - genDependencies : Invalid condition id : UX DEVICE CLASS RTOS Condition cause : null
2023-08-30 09:18:48,862 [WARN] ConditionMgr:1039 - genDependencies : Invalid condition id : UX DEVICE CLASS RTOS Condition cause : null
2023-08-30 09:18:48,862 [WARN] ConditionMgr:1039 - genDependencies : Invalid condition id : UX DEVICE CLASS RTOS Condition cause : null
2023-08-30 09:18:48,866 [WARN] ConditionMgr:1039 - genDependencies : Invalid condition id : UX DEVICE CLASS RTOS Condition cause : null
2023-08-30 09:18:48,866 [WARN] ConditionMgr:1039 - genDependencies : Invalid condition id : UX DEVICE CLASS RTOS Condition cause : null
2023-08-30 09:18:48,893 [WARN] PackLoader:240 - Cannot read IP mode file for STMicroelectronics.X-CUBE-NFC7.1.0.1
2023-08-30 09:18:48,915 [WARN] PackLoader:240 - Cannot read IP mode file for STMicroelectronics.X-CUBE-EEPRMA1.4.1.0
2023-08-30 09:18:48,946 [WARN] PackLoader:240 - Cannot read IP mode file for STMicroelectronics.X-CUBE-AI.8.1.0
2023-08-30 09:18:49,000 [WARN] ConditionMgr:438 - getConditionDescription Invalid condition id : LAN8742 Phy interface Condition cause : null
2023-08-30 09:18:49,000 [WARN] PackLoader:240 - Cannot read IP mode file for STMicroelectronics.X-CUBE-AZRTOS-L4.2.0.0
2023-08-30 09:18:49,000 [WARN] ConditionMgr:1039 - genDependencies : Invalid condition id : LAN8742 Phy interface Condition cause : null
2023-08-30 09:18:49,004 [WARN] ConditionMgr:1039 - genDependencies : Invalid condition id : LAN8742 Phy interface Condition cause : null
2023-08-30 09:18:49,004 [WARN] ConditionMgr:1039 - genDependencies : Invalid condition id : LAN8742 Phy interface Condition cause : null
2023-08-30 09:18:49,025 [WARN] PackLoader:240 - Cannot read IP mode file for STMicroelectronics.X-CUBE-SFXS2LP1.4.0.0
2023-08-30 09:18:49,045 [WARN] PackLoader:240 - Cannot read IP mode file for STMicroelectronics.X-CUBE-ISPU.1.1.0
2023-08-30 09:18:49,082 [WARN] ConditionMgr:438 - getConditionDescription Invalid condition id : UX DEVICE CLASS RTOS Condition cause : null
2023-08-30 09:18:49,082 [WARN] ConditionMgr:438 - getConditionDescription Invalid condition id : UX DEVICE CLASS RTOS Condition cause : null
2023-08-30 09:18:49,086 [WARN] PackLoader:240 - Cannot read IP mode file for STMicroelectronics.X-CUBE-AZRTOS-WB.2.0.0
2023-08-30 09:18:49,086 [WARN] ConditionMgr:1039 - genDependencies : Invalid condition id : UX DEVICE CLASS RTOS Condition cause : null
2023-08-30 09:18:49,090 [WARN] ConditionMgr:1039 - genDependencies : Invalid condition id : UX DEVICE CLASS RTOS Condition cause : null
2023-08-30 09:18:49,090 [WARN] ConditionMgr:1039 - genDependencies : Invalid condition id : UX DEVICE CLASS RTOS Condition cause : null
2023-08-30 09:18:49,090 [WARN] ConditionMgr:1039 - genDependencies : Invalid condition id : UX DEVICE CLASS RTOS Condition cause : null
2023-08-30 09:18:49,090 [WARN] ConditionMgr:1039 - genDependencies : Invalid condition id : UX DEVICE CLASS RTOS Condition cause : null
2023-08-30 09:18:49,114 [WARN] PackLoader:240 - Cannot read IP mode file for STMicroelectronics.X-CUBE-SUBG2.5.0.0
2023-08-30 09:18:49,147 [WARN] PackLoader:240 - Cannot read IP mode file for STMicroelectronics.X-CUBE-TOF1.3.3.1
2023-08-30 09:18:49,226 [WARN] PackLoader:240 - Cannot read IP mode file for STMicroelectronics.X-CUBE-AZRTOS-G4.2.0.0
2023-08-30 09:18:49,258 [WARN] PackLoader:240 - Cannot read IP mode file for STMicroelectronics.X-CUBE-FREERTOS.1.1.0
2023-08-30 09:18:49,298 [WARN] PackLoader:240 - Cannot read IP mode file for portGmbH.I-Cube-SoM-uGOAL.1.1.0
2023-08-30 09:18:49,331 [WARN] PackLoader:240 - Cannot read IP mode file for STMicroelectronics.X-CUBE-ALS.1.0.1
2023-08-30 09:18:49,351 [WARN] PackLoader:240 - Cannot read IP mode file for STMicroelectronics.FP-ATR-ASTRA1.2.0.0
2023-08-30 09:18:49,356 [INFO] ThirdParty:978 - Integrity check success = true
2023-08-30 09:18:49,356 [INFO] IntegrityCheckThread:100 - exiting critical section [integrity check]
2023-08-30 09:18:49,356 [INFO] IntegrityCheckThread:103 - End integrity checks thread
2023-08-30 09:18:49,380 [INFO] DbExamplesSqlite:376 - Ignored 27 examples not supported by CubeIDE
2023-08-30 09:18:49,380 [INFO] DbExamplesSqlite:377 - Found 7231 examples active
2023-08-30 09:18:49,380 [INFO] DbExamplesSqlite:378 - Found 677 examples obsolete
2023-08-30 09:18:49,380 [INFO] DbExamplesSqlite:379 - Found 0 examples under development
2023-08-30 09:18:49,380 [INFO] DbExamplesSqlite:380 - Found 74 examples not building
2023-08-30 09:18:49,380 [INFO] DbExamples:125 - Found 7278 examples
2023-08-30 09:18:49,419 [ERROR] DbExamples:208 - Found 22 examples with invalid data (board or MCU)
2023-08-30 09:18:49,421 [INFO] DbExamples:222 - Found 91 boards with related examples
2023-08-30 09:18:49,424 [INFO] DbExamples:235 - Found 77 MCUs with related examples
2023-08-30 09:18:49,445 [INFO] ApiDb:423 - Load user favorites file C:\Users\MARIANO/.stm32cubeide/favorites.examples.txt: 0 item(s)
2023-08-30 09:18:49,445 [INFO] ApiDb:427 - User favorites Examples=[]
2023-08-30 09:18:49,446 [INFO] DbExamples:250 - Set 0 / 0 favorites Examples
2023-08-30 09:18:50,042 [INFO] McuFinderGlobals:66 - Set McuFinderConnectedMode to true
2023-08-30 09:18:50,061 [INFO] MultiScanPanel:200 - Auto-refresh data requested => check proxy status ongoing
2023-08-30 09:18:50,069 [INFO] FinderPluginLoader:95 - Searching for filters in installed packs
2023-08-30 09:18:52,071 [INFO] LoadUrlFilesThread:185 - End of LoadServerUrlFiles without Thread
2023-08-30 09:18:52,083 [INFO] DetailPanel:341 - Set advertising image to C:/Users/MARIANO/STM32Cube/Repository/\en.prom-stm32h5-mcu-finder.jpg
2023-08-30 09:21:41,279 [INFO] MainUpdater:2854 - connection check result : 10
2023-08-30 09:21:41,279 [INFO] MainUpdater:2854 - connection check result : 10
2023-08-30 09:21:41,386 [INFO] MicroXplorer:468 - Change Database Path : 
2023-08-30 09:21:41,387 [INFO] MicroXplorer:498 - Change Database Version : DB.6.0.81
2023-08-30 09:21:41,387 [WARN] ThirdParty:871 - waiting for thirdparty lock release [close project]
2023-08-30 09:21:41,387 [INFO] ThirdParty:873 - entering critical section [close project]
2023-08-30 09:21:41,391 [INFO] ThirdParty:883 - exiting critical section [close project]
2023-08-30 09:21:41,399 [INFO] PinOutPanel:1499 - setPackage(No Configuration,No Configuration)
2023-08-30 09:21:41,412 [INFO] UtilMem:75 - Begin LoadConfig() Used Memory: 458618736 Bytes (536870912)
2023-08-30 09:21:41,412 [INFO] MicroXplorer:468 - Change Database Path : 
2023-08-30 09:21:41,416 [INFO] MicroXplorer:498 - Change Database Version : DB.6.0.81
2023-08-30 09:21:41,416 [INFO] OpenFileManager:308 - Change cursor
2023-08-30 09:21:41,602 [INFO] Mcu:1937 - Initializing MCU STM32F103C8Tx STM32F103C8Tx 
2023-08-30 09:21:41,610 [INFO] Mcu:1950 - No CPN specified => set CPN to STM32F103C8T6
2023-08-30 09:21:43,868 [INFO] Context:659 - Trying to add GPIOservice into a context  which must be forbidden
2023-08-30 09:21:44,281 [INFO] ImportTextPane:194 - (OptionalMessage_ERROR) Unable to find key (Mcu.ThirdPartyNb) in loaded IOC file
2023-08-30 09:21:44,281 [INFO] ImportTextPane:194 - (OptionalMessage_ERROR) Unable to find key (Mcu.PinsNb) in loaded IOC file
2023-08-30 09:21:44,281 [INFO] ImportTextPane:194 - (OptionalMessage_ERROR) Unable to find key (Mcu.IPNb) in loaded IOC file
2023-08-30 09:21:44,708 [INFO] RtosManager:555 - Registered RTOS mode: class=CMSIS, group=RTOS, mode=CMSIS_V1, owner=FREERTOS
2023-08-30 09:21:44,712 [INFO] RtosManager:555 - Registered RTOS mode: class=CMSIS, group=RTOS2, mode=CMSIS_V2, owner=FREERTOS
2023-08-30 09:21:44,712 [INFO] RtosManager:555 - Registered RTOS mode: class=RTOS, group=Core, mode=CMSIS_V1, owner=FREERTOS
2023-08-30 09:21:44,712 [INFO] RtosManager:555 - Registered RTOS mode: class=RTOS, group=Core, mode=CMSIS_V2, owner=FREERTOS
2023-08-30 09:21:44,712 [WARN] ModelIntegratedComponent:184 - Missing modes for component STMicroelectronics:FreeRTOS:0.0.1:STMicroelectronics:RTOS:FreeRTOS:Core:::10.2.0:
2023-08-30 09:21:44,735 [WARN] ModelIntegratedComponent:63 - No mode defined for component null
2023-08-30 09:21:44,735 [WARN] ModelIntegratedComponent:63 - No mode defined for component null
2023-08-30 09:21:44,735 [WARN] ModelIntegratedComponent:63 - No mode defined for component null
2023-08-30 09:21:44,735 [WARN] ModelIntegratedComponent:63 - No mode defined for component null
2023-08-30 09:21:44,735 [WARN] ModelIntegratedComponent:63 - No mode defined for component null
2023-08-30 09:21:44,735 [WARN] ModelIntegratedComponent:63 - No mode defined for component null
2023-08-30 09:21:44,735 [WARN] ModelIntegratedComponent:63 - No mode defined for component null
2023-08-30 09:21:44,735 [WARN] ModelIntegratedComponent:63 - No mode defined for component null
2023-08-30 09:21:44,735 [WARN] ModelIntegratedComponent:63 - No mode defined for component null
2023-08-30 09:21:44,735 [WARN] ModelIntegratedComponent:63 - No mode defined for component null
2023-08-30 09:21:44,735 [WARN] ModelIntegratedComponent:63 - No mode defined for component null
2023-08-30 09:21:44,735 [WARN] ModelIntegratedComponent:63 - No mode defined for component null
2023-08-30 09:21:44,735 [WARN] ModelIntegratedComponent:63 - No mode defined for component null
2023-08-30 09:21:44,735 [WARN] ModelIntegratedComponent:63 - No mode defined for component null
2023-08-30 09:21:44,735 [WARN] ModelIntegratedComponent:63 - No mode defined for component null
2023-08-30 09:21:44,735 [WARN] ModelIntegratedComponent:63 - No mode defined for component null
2023-08-30 09:21:44,735 [WARN] ModelIntegratedComponent:63 - No mode defined for component null
2023-08-30 09:21:44,735 [WARN] ModelIntegratedComponent:63 - No mode defined for component null
2023-08-30 09:21:44,735 [WARN] ModelIntegratedComponent:63 - No mode defined for component null
2023-08-30 09:21:44,735 [WARN] ModelIntegratedComponent:63 - No mode defined for component null
2023-08-30 09:21:44,735 [WARN] ModelIntegratedComponent:63 - No mode defined for component null
2023-08-30 09:21:44,735 [WARN] ModelIntegratedComponent:63 - No mode defined for component null
2023-08-30 09:21:44,735 [WARN] ModelIntegratedComponent:63 - No mode defined for component null
2023-08-30 09:21:44,735 [WARN] ModelIntegratedComponent:63 - No mode defined for component null
2023-08-30 09:21:44,735 [WARN] ModelIntegratedComponent:63 - No mode defined for component null
2023-08-30 09:21:44,735 [WARN] ModelIntegratedComponent:63 - No mode defined for component null
2023-08-30 09:21:44,735 [WARN] ModelIntegratedComponent:63 - No mode defined for component null
2023-08-30 09:21:44,737 [WARN] ModelIntegratedComponent:63 - No mode defined for component null
2023-08-30 09:21:44,737 [WARN] ModelIntegratedComponent:63 - No mode defined for component null
2023-08-30 09:21:44,737 [WARN] ModelIntegratedComponent:63 - No mode defined for component null
2023-08-30 09:21:44,737 [WARN] ModelIntegratedComponent:63 - No mode defined for component null
2023-08-30 09:21:44,737 [WARN] ModelIntegratedComponent:63 - No mode defined for component null
2023-08-30 09:21:44,737 [WARN] ModelIntegratedComponent:63 - No mode defined for component null
2023-08-30 09:21:44,757 [INFO] ThirdPartyModel:298 - Start build external matchings
2023-08-30 09:21:45,158 [INFO] ThirdPartyModel:316 - End build external matchings
2023-08-30 09:21:45,434 [INFO] UtilMem:75 - End LoadConfig() Used Memory: 523421824 Bytes (701497344)
2023-08-30 09:21:45,614 [WARN] ThirdParty:833 - waiting for thirdparty lock release [change project]
2023-08-30 09:21:45,614 [INFO] ThirdParty:835 - entering critical section [change project]
2023-08-30 09:21:45,614 [INFO] ThirdParty:1030 - CMSIS Pack Vendor :STMicroelectronics X-CUBE-ISPU 1.1.0
2023-08-30 09:21:45,614 [INFO] ThirdParty:1030 - CMSIS Pack Vendor :STMicroelectronics X-CUBE-GNSS1 6.0.0
2023-08-30 09:21:45,614 [INFO] ThirdParty:1030 - CMSIS Pack Vendor :STMicroelectronics USB_HOST 2.0.0
2023-08-30 09:21:45,614 [INFO] ThirdParty:1030 - CMSIS Pack Vendor :STMicroelectronics X-CUBE-AZRTOS-F4 1.1.0
2023-08-30 09:21:45,614 [INFO] ThirdParty:1030 - CMSIS Pack Vendor :STMicroelectronics LIBJPEG 8.0.0
2023-08-30 09:21:45,614 [INFO] ThirdParty:1030 - CMSIS Pack Vendor :wolfSSL I-CUBE-wolfSSL 5.6.3
2023-08-30 09:21:45,614 [INFO] ThirdParty:1030 - CMSIS Pack Vendor :STMicroelectronics X-CUBE-SMBUS 2.1.0
2023-08-30 09:21:45,614 [INFO] ThirdParty:1030 - CMSIS Pack Vendor :STMicroelectronics USB_DEVICE 3.0.0
2023-08-30 09:21:45,614 [INFO] ThirdParty:1030 - CMSIS Pack Vendor :STMicroelectronics X-CUBE-AZRTOS-WB 2.0.0
2023-08-30 09:21:45,614 [INFO] ThirdParty:1030 - CMSIS Pack Vendor :STMicroelectronics X-CUBE-AZRTOS-F7 1.1.0
2023-08-30 09:21:45,614 [INFO] ThirdParty:1030 - CMSIS Pack Vendor :STMicroelectronics X-CUBE-AZRTOS-L5 2.0.0
2023-08-30 09:21:45,614 [INFO] ThirdParty:1030 - CMSIS Pack Vendor :STMicroelectronics USB_DEVICE 2.0.0
2023-08-30 09:21:45,614 [INFO] ThirdParty:1030 - CMSIS Pack Vendor :STMicroelectronics X-CUBE-MEMS1 9.6.0
2023-08-30 09:21:45,614 [INFO] ThirdParty:1030 - CMSIS Pack Vendor :STMicroelectronics FP-SNS-MOTENV1 4.3.2
2023-08-30 09:21:45,614 [INFO] ThirdParty:1030 - CMSIS Pack Vendor :STMicroelectronics X-CUBE-ALGOBUILD 1.3.0
2023-08-30 09:21:45,614 [INFO] ThirdParty:1030 - CMSIS Pack Vendor :STMicroelectronics FreeRTOS 0.0.1
2023-08-30 09:21:45,614 [INFO] ThirdParty:1030 - CMSIS Pack Vendor :STMicroelectronics X-CUBE-AZRTOS-G0 1.1.0
2023-08-30 09:21:45,614 [INFO] ThirdParty:1030 - CMSIS Pack Vendor :STMicroelectronics X-CUBE-BLEMGR 2.0.0
2023-08-30 09:21:45,614 [INFO] ThirdParty:1030 - CMSIS Pack Vendor :STMicroelectronics X-CUBE-NFC4 3.0.0
2023-08-30 09:21:45,614 [INFO] ThirdParty:1030 - CMSIS Pack Vendor :STMicroelectronics X-CUBE-SUBG2 5.0.0
2023-08-30 09:21:45,614 [INFO] ThirdParty:1030 - CMSIS Pack Vendor :STMicroelectronics STM32_WPAN 1.0.0
2023-08-30 09:21:45,614 [INFO] ThirdParty:1030 - CMSIS Pack Vendor :STMicroelectronics lwIP 2.0.3
2023-08-30 09:21:45,614 [INFO] ThirdParty:1030 - CMSIS Pack Vendor :STMicroelectronics FP-SNS-FLIGHT1 5.0.2
2023-08-30 09:21:45,614 [INFO] ThirdParty:1030 - CMSIS Pack Vendor :STMicroelectronics USB_HOST 1.0.0
2023-08-30 09:21:45,614 [INFO] ThirdParty:1030 - CMSIS Pack Vendor :STMicroelectronics X-CUBE-TOF1 3.3.1
2023-08-30 09:21:45,614 [INFO] ThirdParty:1030 - CMSIS Pack Vendor :STMicroelectronics X-CUBE-AZRTOS-G4 2.0.0
2023-08-30 09:21:45,614 [INFO] ThirdParty:1030 - CMSIS Pack Vendor :STMicroelectronics PDM2PCM 3.1.0
2023-08-30 09:21:45,614 [INFO] ThirdParty:1030 - CMSIS Pack Vendor :STMicroelectronics X-CUBE-AZRTOS-H7 3.1.0
2023-08-30 09:21:45,614 [INFO] ThirdParty:1030 - CMSIS Pack Vendor :STMicroelectronics PDM2PCM 3.3.0
2023-08-30 09:21:45,614 [INFO] ThirdParty:1030 - CMSIS Pack Vendor :STMicroelectronics X-CUBE-DISPLAY 3.0.0
2023-08-30 09:21:45,614 [INFO] ThirdParty:1030 - CMSIS Pack Vendor :STMicroelectronics X-CUBE-BLE1 7.0.0
2023-08-30 09:21:45,618 [INFO] ThirdParty:1030 - CMSIS Pack Vendor :STMicroelectronics FP-ATR-SIGFOX1 3.2.0
2023-08-30 09:21:45,618 [INFO] ThirdParty:1030 - CMSIS Pack Vendor :STMicroelectronics HAL Drivers 0.0.0
2023-08-30 09:21:45,618 [INFO] ThirdParty:1030 - CMSIS Pack Vendor :STMicroelectronics MBEDTLS 2.16.2
2023-08-30 09:21:45,618 [INFO] ThirdParty:1030 - CMSIS Pack Vendor :emotas I-CUBE-CANOPEN 1.3.0
2023-08-30 09:21:45,618 [INFO] ThirdParty:1030 - CMSIS Pack Vendor :STMicroelectronics X-CUBE-FREERTOS 1.1.0
2023-08-30 09:21:45,618 [INFO] ThirdParty:1030 - CMSIS Pack Vendor :STMicroelectronics X-CUBE-TOUCHGFX 4.22.0
2023-08-30 09:21:45,618 [INFO] ThirdParty:1030 - CMSIS Pack Vendor :STMicroelectronics X-CUBE-NFC7 1.0.1
2023-08-30 09:21:45,618 [INFO] ThirdParty:1030 - CMSIS Pack Vendor :STMicroelectronics MBEDTLS 2.14.1
2023-08-30 09:21:45,618 [INFO] ThirdParty:1030 - CMSIS Pack Vendor :STMicroelectronics X-CUBE-EEPRMA1 4.1.0
2023-08-30 09:21:45,618 [INFO] ThirdParty:1030 - CMSIS Pack Vendor :portGmbH I-Cube-SoM-uGOAL 1.1.0
2023-08-30 09:21:45,618 [INFO] ThirdParty:1030 - CMSIS Pack Vendor :STMicroelectronics X-CUBE-ALS 1.0.1
2023-08-30 09:21:45,618 [INFO] ThirdParty:1030 - CMSIS Pack Vendor :STMicroelectronics ThreadX 1.0.0
2023-08-30 09:21:45,618 [INFO] ThirdParty:1030 - CMSIS Pack Vendor :STMicroelectronics X-CUBE-AZRTOS-WL 2.0.0
2023-08-30 09:21:45,618 [INFO] ThirdParty:1030 - CMSIS Pack Vendor :STMicroelectronics USB_DEVICE 1.0.0
2023-08-30 09:21:45,618 [INFO] ThirdParty:1030 - CMSIS Pack Vendor :STMicroelectronics X-CUBE-AI 8.1.0
2023-08-30 09:21:45,618 [INFO] ThirdParty:1030 - CMSIS Pack Vendor :STMicroelectronics X-CUBE-AZRTOS-L4 2.0.0
2023-08-30 09:21:45,618 [INFO] ThirdParty:1030 - CMSIS Pack Vendor :STMicroelectronics ThreadX 0.0.2
2023-08-30 09:21:45,618 [INFO] ThirdParty:1030 - CMSIS Pack Vendor :WES I-CUBE-Cesium 1.3.0
2023-08-30 09:21:45,618 [INFO] ThirdParty:1030 - CMSIS Pack Vendor :STMicroelectronics FP-ATR-ASTRA1 2.0.0
2023-08-30 09:21:45,618 [INFO] ThirdParty:1030 - CMSIS Pack Vendor :STMicroelectronics lwIP 2.1.2
2023-08-30 09:21:45,618 [INFO] ThirdParty:1030 - CMSIS Pack Vendor :STMicroelectronics X-CUBE-SFXS2LP1 4.0.0
2023-08-30 09:21:45,618 [INFO] ThirdParty:1030 - CMSIS Pack Vendor :STMicroelectronics X-CUBE-BLE2 3.3.0
2023-08-30 09:21:45,618 [INFO] ThirdParty:1030 - CMSIS Pack Vendor :STMicroelectronics PDM2PCM 3.2.0
2023-08-30 09:21:45,618 [INFO] ThirdParty:841 - exiting critical section [change project]
2023-08-30 09:21:45,941 [INFO] PinOutPanel:1499 - setPackage(No Configuration,No Configuration)
2023-08-30 09:21:45,941 [INFO] PinOutPanel:1499 - setPackage(STM32F103C8Tx,LQFP48)
2023-08-30 09:21:46,532 [INFO] UtilMem:75 - Before build in PCC Used Memory: 532544752 Bytes (701497344)
2023-08-30 09:21:47,522 [INFO] UtilMem:75 - After build in PCC Used Memory: 586926776 Bytes (701497344)
2023-08-30 09:21:47,564 [INFO] IPUIPlugin:80 - create IPUIPlugin
2023-08-30 09:21:47,564 [INFO] IPUIPlugin:80 - create IPUIPlugin
2023-08-30 09:21:47,565 [INFO] IPUIPlugin:80 - create IPUIPlugin
2023-08-30 09:21:47,565 [INFO] IPUIPlugin:80 - create IPUIPlugin
2023-08-30 09:21:47,565 [INFO] IPUIPlugin:80 - create IPUIPlugin
2023-08-30 09:21:47,565 [INFO] IPUIPlugin:80 - create IPUIPlugin
2023-08-30 09:21:47,567 [INFO] IPUIPlugin:80 - create IPUIPlugin
2023-08-30 09:21:47,567 [INFO] IPUIPlugin:80 - create IPUIPlugin
2023-08-30 09:21:47,567 [INFO] IPUIPlugin:80 - create IPUIPlugin
2023-08-30 09:21:47,567 [INFO] IPUIPlugin:80 - create IPUIPlugin
2023-08-30 09:21:47,568 [INFO] IPUIPlugin:80 - create IPUIPlugin
2023-08-30 09:21:47,568 [INFO] IPUIPlugin:80 - create IPUIPlugin
2023-08-30 09:21:47,568 [INFO] IPUIPlugin:80 - create IPUIPlugin
2023-08-30 09:21:47,569 [INFO] IPUIPlugin:80 - create IPUIPlugin
2023-08-30 09:21:47,569 [INFO] IPUIPlugin:80 - create IPUIPlugin
2023-08-30 09:21:47,569 [INFO] IPUIPlugin:80 - create IPUIPlugin
2023-08-30 09:21:47,570 [INFO] IPUIPlugin:80 - create IPUIPlugin
2023-08-30 09:21:47,570 [INFO] IPUIPlugin:80 - create IPUIPlugin
2023-08-30 09:21:47,570 [INFO] IPUIPlugin:80 - create IPUIPlugin
2023-08-30 09:21:47,571 [INFO] IPUIPlugin:80 - create IPUIPlugin
2023-08-30 09:21:47,571 [INFO] IPUIPlugin:80 - create IPUIPlugin
2023-08-30 09:21:47,572 [INFO] IPUIPlugin:80 - create IPUIPlugin
2023-08-30 09:21:47,572 [INFO] IPUIPlugin:80 - create IPUIPlugin
2023-08-30 09:21:47,572 [INFO] IPUIPlugin:80 - create IPUIPlugin
2023-08-30 09:21:47,573 [INFO] IPUIPlugin:80 - create IPUIPlugin
2023-08-30 09:21:47,573 [INFO] IPUIPlugin:80 - create IPUIPlugin
2023-08-30 09:21:47,573 [INFO] IPUIPlugin:80 - create IPUIPlugin
2023-08-30 09:21:47,939 [INFO] CADModel:165 - CPN selected for project levelSTM32F103C8T6
2023-08-30 09:21:47,939 [INFO] CADModel:114 - Register for checkConnection events
2023-08-30 09:21:48,000 [INFO] OpenFileManager:328 - Restore cursor
2023-08-30 09:21:50,572 [INFO] UtilMem:75 - End SaveConfig() Used Memory: 569344680 Bytes (701497344)
2023-08-30 09:21:50,630 [INFO] UtilMem:75 - End SaveConfig() Used Memory: 585142488 Bytes (701497344)
2023-08-30 09:21:51,289 [INFO] BlockDiagram:2759 - set Specific Code input for plugin: NVIC
2023-08-30 09:21:51,289 [INFO] BlockDiagram:2759 - set Specific Code input for plugin: RCC
2023-08-30 09:21:51,295 [INFO] CodeGenerator:793 - code generatio: config db path: C:\ST\STM32CubeIDE_1.12.1\STM32CubeIDE\plugins\com.st.stm32cube.common.mx_6.8.1.202304191431\\db\
2023-08-30 09:21:51,862 [INFO] CodeEngine:255 - oldGeneratedFile, C:\Users\MARIANO\Desktop\GITHUB_PROJECTS\STM32_Projects\Blink_LED\MXTmpFiles\license.tmp_save
2023-08-30 09:21:52,419 [INFO] CodeEngine:279 - Generated code: C:\Users\MARIANO\Desktop\GITHUB_PROJECTS\STM32_Projects\Blink_LED\MXTmpFiles\license.tmp
2023-08-30 09:21:52,464 [INFO] CodeEngine:255 - oldGeneratedFile, C:\Users\MARIANO\Desktop\GITHUB_PROJECTS\STM32_Projects\Blink_LED\Core\Src\stm32f1xx_it.c_save
2023-08-30 09:21:52,820 [INFO] CodeEngine:279 - Generated code: C:\Users\MARIANO\Desktop\GITHUB_PROJECTS\STM32_Projects\Blink_LED\Core\Src\stm32f1xx_it.c
2023-08-30 09:21:52,842 [INFO] CodeEngine:255 - oldGeneratedFile, C:\Users\MARIANO\Desktop\GITHUB_PROJECTS\STM32_Projects\Blink_LED\Core\Inc\stm32f1xx_it.h_save
2023-08-30 09:21:52,990 [INFO] CodeEngine:279 - Generated code: C:\Users\MARIANO\Desktop\GITHUB_PROJECTS\STM32_Projects\Blink_LED\Core\Inc\stm32f1xx_it.h
2023-08-30 09:21:53,237 [INFO] CodeEngine:255 - oldGeneratedFile, C:\Users\MARIANO\Desktop\GITHUB_PROJECTS\STM32_Projects\Blink_LED\Core\Src\stm32f1xx_hal_msp.c_save
2023-08-30 09:21:53,478 [INFO] CodeEngine:279 - Generated code: C:\Users\MARIANO\Desktop\GITHUB_PROJECTS\STM32_Projects\Blink_LED\Core\Src\stm32f1xx_hal_msp.c
2023-08-30 09:21:53,494 [INFO] CodeEngine:255 - oldGeneratedFile, C:\Users\MARIANO\Desktop\GITHUB_PROJECTS\STM32_Projects\Blink_LED\MXTmpFiles\system.tmp_save
2023-08-30 09:21:53,635 [INFO] CodeEngine:279 - Generated code: C:\Users\MARIANO\Desktop\GITHUB_PROJECTS\STM32_Projects\Blink_LED\MXTmpFiles\system.tmp
2023-08-30 09:21:53,663 [INFO] CodeEngine:311 - oldGeneratedFile, C:\Users\MARIANO\Desktop\GITHUB_PROJECTS\STM32_Projects\Blink_LED\Core\Inc\stm32f1xx_hal_conf.h_save
2023-08-30 09:21:53,919 [INFO] CodeEngine:335 - Generated code: C:\Users\MARIANO\Desktop\GITHUB_PROJECTS\STM32_Projects\Blink_LED\Core\Inc\stm32f1xx_hal_conf.h
2023-08-30 09:21:54,015 [INFO] CodeEngine:255 - oldGeneratedFile, C:\Users\MARIANO\Desktop\GITHUB_PROJECTS\STM32_Projects\Blink_LED\Core\Inc\main.h_save
2023-08-30 09:21:54,261 [INFO] CodeEngine:279 - Generated code: C:\Users\MARIANO\Desktop\GITHUB_PROJECTS\STM32_Projects\Blink_LED\Core\Inc\main.h
2023-08-30 09:21:54,282 [INFO] CodeEngine:255 - oldGeneratedFile, C:\Users\MARIANO\Desktop\GITHUB_PROJECTS\STM32_Projects\Blink_LED\Core\Src\main.c_save
2023-08-30 09:21:54,566 [INFO] CodeEngine:279 - Generated code: C:\Users\MARIANO\Desktop\GITHUB_PROJECTS\STM32_Projects\Blink_LED\Core\Src\main.c
2023-08-30 09:21:56,053 [INFO] ProjectBuilder:2996 - Time for Copy HAL[1] : 330mS.
2023-08-30 09:21:56,081 [INFO] ProjectBuilder:4304 - Project Generator version: 3.19.2
2023-08-30 09:21:57,208 [INFO] ConfigFileManager:1483 - The Die is : DIE410
2023-08-30 09:21:57,253 [INFO] ApiDbMcu:507 - Load IP Config File for FATFS
2023-08-30 09:21:57,351 [INFO] ApiDbMcu:507 - Load IP Config File for FREERTOS
2023-08-30 09:21:57,392 [INFO] ApiDbMcu:507 - Load IP Config File for USB_DEVICE
2023-08-30 09:21:59,876 [INFO] LogOutputStream:77 - [STDOUT_REDIRECT] 
2023-08-30 09:22:07,891 [INFO] ProjectBuilder:4505 - Time for Generating toolchain IDE Files: 11806mS.
2023-08-30 09:22:07,895 [INFO] ProjectBuilder:2867 - Time for Copy CMSIS : 2mS.
2023-08-30 09:22:07,903 [INFO] ProjectBuilder:2867 - Time for Copy CMSIS : 0mS.
2023-08-30 09:22:10,666 [INFO] McuFinderGlobals:66 - Set McuFinderConnectedMode to true
2023-08-30 09:22:10,671 [INFO] ApiDb:448 - Save user favorites file C:\Users\MARIANO/.stm32cubeide/favorites.mcus.txt: 0 item(s)
2023-08-30 09:22:10,671 [INFO] ApiDb:452 - User favorites MCUs=[]
2023-08-30 09:24:33,950 [INFO] Gpio:273 - dependency for GPIO [RCC, SYS]
2023-08-30 09:24:41,654 [INFO] UtilMem:75 - End SaveConfig() Used Memory: 627973192 Bytes (846200832)
2023-08-30 09:24:43,737 [INFO] UtilMem:75 - End SaveConfig() Used Memory: 659793168 Bytes (846200832)
2023-08-30 09:24:46,191 [INFO] UtilMem:75 - End SaveConfig() Used Memory: 563918304 Bytes (846200832)
2023-08-30 09:24:46,743 [INFO] BlockDiagram:2759 - set Specific Code input for plugin: NVIC
2023-08-30 09:24:46,743 [INFO] BlockDiagram:2759 - set Specific Code input for plugin: SYS
2023-08-30 09:24:46,744 [INFO] BlockDiagram:2759 - set Specific Code input for plugin: GPIO
2023-08-30 09:24:46,744 [INFO] BlockDiagram:2759 - set Specific Code input for plugin: RCC
2023-08-30 09:24:46,746 [INFO] CodeGenerator:793 - code generatio: config db path: C:\ST\STM32CubeIDE_1.12.1\STM32CubeIDE\plugins\com.st.stm32cube.common.mx_6.8.1.202304191431\\db\
2023-08-30 09:24:47,032 [INFO] CodeEngine:255 - oldGeneratedFile, C:\Users\MARIANO\Desktop\GITHUB_PROJECTS\STM32_Projects\Blink_LED\MXTmpFiles\license.tmp_save
2023-08-30 09:24:47,258 [INFO] CodeEngine:279 - Generated code: C:\Users\MARIANO\Desktop\GITHUB_PROJECTS\STM32_Projects\Blink_LED\MXTmpFiles\license.tmp
2023-08-30 09:24:47,360 [INFO] CodeEngine:255 - oldGeneratedFile, C:\Users\MARIANO\Desktop\GITHUB_PROJECTS\STM32_Projects\Blink_LED\Core\Src\gpio.c_save
2023-08-30 09:24:47,578 [INFO] CodeEngine:279 - Generated code: C:\Users\MARIANO\Desktop\GITHUB_PROJECTS\STM32_Projects\Blink_LED\Core\Src\gpio.c
2023-08-30 09:24:47,596 [INFO] CodeEngine:255 - oldGeneratedFile, C:\Users\MARIANO\Desktop\GITHUB_PROJECTS\STM32_Projects\Blink_LED\Core\Inc\gpio.h_save
2023-08-30 09:24:47,749 [INFO] CodeEngine:279 - Generated code: C:\Users\MARIANO\Desktop\GITHUB_PROJECTS\STM32_Projects\Blink_LED\Core\Inc\gpio.h
2023-08-30 09:24:47,848 [INFO] CodeEngine:255 - oldGeneratedFile, C:\Users\MARIANO\Desktop\GITHUB_PROJECTS\STM32_Projects\Blink_LED\Core\Src\stm32f1xx_it.c_save
2023-08-30 09:24:47,947 [INFO] CodeEngine:279 - Generated code: C:\Users\MARIANO\Desktop\GITHUB_PROJECTS\STM32_Projects\Blink_LED\Core\Src\stm32f1xx_it.c
2023-08-30 09:24:47,956 [INFO] CodeEngine:255 - oldGeneratedFile, C:\Users\MARIANO\Desktop\GITHUB_PROJECTS\STM32_Projects\Blink_LED\Core\Inc\stm32f1xx_it.h_save
2023-08-30 09:24:48,055 [INFO] CodeEngine:279 - Generated code: C:\Users\MARIANO\Desktop\GITHUB_PROJECTS\STM32_Projects\Blink_LED\Core\Inc\stm32f1xx_it.h
2023-08-30 09:24:48,118 [INFO] CodeEngine:255 - oldGeneratedFile, C:\Users\MARIANO\Desktop\GITHUB_PROJECTS\STM32_Projects\Blink_LED\Core\Src\stm32f1xx_hal_msp.c_save
2023-08-30 09:24:48,334 [INFO] CodeEngine:279 - Generated code: C:\Users\MARIANO\Desktop\GITHUB_PROJECTS\STM32_Projects\Blink_LED\Core\Src\stm32f1xx_hal_msp.c
2023-08-30 09:24:48,347 [INFO] CodeEngine:255 - oldGeneratedFile, C:\Users\MARIANO\Desktop\GITHUB_PROJECTS\STM32_Projects\Blink_LED\MXTmpFiles\system.tmp_save
2023-08-30 09:24:48,447 [INFO] CodeEngine:279 - Generated code: C:\Users\MARIANO\Desktop\GITHUB_PROJECTS\STM32_Projects\Blink_LED\MXTmpFiles\system.tmp
2023-08-30 09:24:48,482 [INFO] CodeEngine:311 - oldGeneratedFile, C:\Users\MARIANO\Desktop\GITHUB_PROJECTS\STM32_Projects\Blink_LED\Core\Inc\stm32f1xx_hal_conf.h_save
2023-08-30 09:24:48,740 [INFO] CodeEngine:335 - Generated code: C:\Users\MARIANO\Desktop\GITHUB_PROJECTS\STM32_Projects\Blink_LED\Core\Inc\stm32f1xx_hal_conf.h
2023-08-30 09:24:48,902 [INFO] CodeEngine:255 - oldGeneratedFile, C:\Users\MARIANO\Desktop\GITHUB_PROJECTS\STM32_Projects\Blink_LED\Core\Inc\main.h_save
2023-08-30 09:24:49,067 [INFO] CodeEngine:279 - Generated code: C:\Users\MARIANO\Desktop\GITHUB_PROJECTS\STM32_Projects\Blink_LED\Core\Inc\main.h
2023-08-30 09:24:49,111 [INFO] CodeEngine:255 - oldGeneratedFile, C:\Users\MARIANO\Desktop\GITHUB_PROJECTS\STM32_Projects\Blink_LED\Core\Src\main.c_save
2023-08-30 09:24:49,331 [INFO] CodeEngine:279 - Generated code: C:\Users\MARIANO\Desktop\GITHUB_PROJECTS\STM32_Projects\Blink_LED\Core\Src\main.c
2023-08-30 09:24:50,444 [INFO] ProjectBuilder:2996 - Time for Copy HAL[1] : 267mS.
2023-08-30 09:24:50,453 [INFO] ProjectBuilder:4304 - Project Generator version: 3.19.2
2023-08-30 09:24:51,022 [INFO] ConfigFileManager:1483 - The Die is : DIE410
2023-08-30 09:24:54,626 [INFO] ProjectBuilder:4505 - Time for Generating toolchain IDE Files: 4173mS.
2023-08-30 09:24:54,626 [INFO] ProjectBuilder:2867 - Time for Copy CMSIS : 0mS.
2023-08-30 09:24:54,630 [INFO] ProjectBuilder:2867 - Time for Copy CMSIS : 0mS.
2023-08-30 09:30:11,880 [INFO] UtilMem:75 - End SaveConfig() Used Memory: 693839472 Bytes (895483904)
2023-08-30 09:30:13,309 [INFO] UtilMem:75 - End SaveConfig() Used Memory: 708756552 Bytes (895483904)
2023-08-30 09:30:14,808 [INFO] UtilMem:75 - End SaveConfig() Used Memory: 735497288 Bytes (895483904)
2023-08-30 09:30:15,147 [INFO] BlockDiagram:2759 - set Specific Code input for plugin: NVIC
2023-08-30 09:30:15,154 [INFO] BlockDiagram:2759 - set Specific Code input for plugin: SYS
2023-08-30 09:30:15,154 [INFO] BlockDiagram:2759 - set Specific Code input for plugin: GPIO
2023-08-30 09:30:15,154 [INFO] BlockDiagram:2759 - set Specific Code input for plugin: RCC
2023-08-30 09:30:15,156 [INFO] CodeGenerator:793 - code generatio: config db path: C:\ST\STM32CubeIDE_1.12.1\STM32CubeIDE\plugins\com.st.stm32cube.common.mx_6.8.1.202304191431\\db\
2023-08-30 09:30:15,400 [INFO] CodeEngine:255 - oldGeneratedFile, C:\Users\MARIANO\Desktop\GITHUB_PROJECTS\STM32_Projects\Blink_LED\MXTmpFiles\license.tmp_save
2023-08-30 09:30:15,528 [INFO] CodeEngine:279 - Generated code: C:\Users\MARIANO\Desktop\GITHUB_PROJECTS\STM32_Projects\Blink_LED\MXTmpFiles\license.tmp
2023-08-30 09:30:15,610 [INFO] CodeEngine:255 - oldGeneratedFile, C:\Users\MARIANO\Desktop\GITHUB_PROJECTS\STM32_Projects\Blink_LED\Core\Src\gpio.c_save
2023-08-30 09:30:15,811 [INFO] CodeEngine:279 - Generated code: C:\Users\MARIANO\Desktop\GITHUB_PROJECTS\STM32_Projects\Blink_LED\Core\Src\gpio.c
2023-08-30 09:30:15,837 [INFO] CodeEngine:255 - oldGeneratedFile, C:\Users\MARIANO\Desktop\GITHUB_PROJECTS\STM32_Projects\Blink_LED\Core\Inc\gpio.h_save
2023-08-30 09:30:15,926 [INFO] CodeEngine:279 - Generated code: C:\Users\MARIANO\Desktop\GITHUB_PROJECTS\STM32_Projects\Blink_LED\Core\Inc\gpio.h
2023-08-30 09:30:15,981 [INFO] CodeEngine:255 - oldGeneratedFile, C:\Users\MARIANO\Desktop\GITHUB_PROJECTS\STM32_Projects\Blink_LED\Core\Src\stm32f1xx_it.c_save
2023-08-30 09:30:16,138 [INFO] CodeEngine:279 - Generated code: C:\Users\MARIANO\Desktop\GITHUB_PROJECTS\STM32_Projects\Blink_LED\Core\Src\stm32f1xx_it.c
2023-08-30 09:30:16,157 [INFO] CodeEngine:255 - oldGeneratedFile, C:\Users\MARIANO\Desktop\GITHUB_PROJECTS\STM32_Projects\Blink_LED\Core\Inc\stm32f1xx_it.h_save
2023-08-30 09:30:16,278 [INFO] CodeEngine:279 - Generated code: C:\Users\MARIANO\Desktop\GITHUB_PROJECTS\STM32_Projects\Blink_LED\Core\Inc\stm32f1xx_it.h
2023-08-30 09:30:16,324 [INFO] CodeEngine:255 - oldGeneratedFile, C:\Users\MARIANO\Desktop\GITHUB_PROJECTS\STM32_Projects\Blink_LED\Core\Src\stm32f1xx_hal_msp.c_save
2023-08-30 09:30:16,439 [INFO] CodeEngine:279 - Generated code: C:\Users\MARIANO\Desktop\GITHUB_PROJECTS\STM32_Projects\Blink_LED\Core\Src\stm32f1xx_hal_msp.c
2023-08-30 09:30:16,449 [INFO] CodeEngine:255 - oldGeneratedFile, C:\Users\MARIANO\Desktop\GITHUB_PROJECTS\STM32_Projects\Blink_LED\MXTmpFiles\system.tmp_save
2023-08-30 09:30:16,547 [INFO] CodeEngine:279 - Generated code: C:\Users\MARIANO\Desktop\GITHUB_PROJECTS\STM32_Projects\Blink_LED\MXTmpFiles\system.tmp
2023-08-30 09:30:16,584 [INFO] CodeEngine:311 - oldGeneratedFile, C:\Users\MARIANO\Desktop\GITHUB_PROJECTS\STM32_Projects\Blink_LED\Core\Inc\stm32f1xx_hal_conf.h_save
2023-08-30 09:30:16,743 [INFO] CodeEngine:335 - Generated code: C:\Users\MARIANO\Desktop\GITHUB_PROJECTS\STM32_Projects\Blink_LED\Core\Inc\stm32f1xx_hal_conf.h
2023-08-30 09:30:16,832 [INFO] CodeEngine:255 - oldGeneratedFile, C:\Users\MARIANO\Desktop\GITHUB_PROJECTS\STM32_Projects\Blink_LED\Core\Inc\main.h_save
2023-08-30 09:30:16,982 [INFO] CodeEngine:279 - Generated code: C:\Users\MARIANO\Desktop\GITHUB_PROJECTS\STM32_Projects\Blink_LED\Core\Inc\main.h
2023-08-30 09:30:17,022 [INFO] CodeEngine:255 - oldGeneratedFile, C:\Users\MARIANO\Desktop\GITHUB_PROJECTS\STM32_Projects\Blink_LED\Core\Src\main.c_save
2023-08-30 09:30:17,119 [INFO] CodeEngine:279 - Generated code: C:\Users\MARIANO\Desktop\GITHUB_PROJECTS\STM32_Projects\Blink_LED\Core\Src\main.c
2023-08-30 09:30:17,926 [INFO] ProjectBuilder:2996 - Time for Copy HAL[1] : 182mS.
2023-08-30 09:30:17,928 [INFO] ProjectBuilder:4304 - Project Generator version: 3.19.2
2023-08-30 09:30:18,457 [INFO] ConfigFileManager:1483 - The Die is : DIE410
2023-08-30 09:30:21,327 [INFO] ProjectBuilder:4505 - Time for Generating toolchain IDE Files: 3398mS.
2023-08-30 09:30:21,330 [INFO] ProjectBuilder:2867 - Time for Copy CMSIS : 2mS.
2023-08-30 09:30:21,337 [INFO] ProjectBuilder:2867 - Time for Copy CMSIS : 1mS.
2023-08-30 09:52:52,219 [INFO] MainUpdater:2854 - connection check result : 10
2023-08-30 09:52:52,219 [INFO] MainUpdater:2854 - connection check result : 10
2023-08-30 09:52:52,266 [INFO] MicroXplorer:468 - Change Database Path : 
2023-08-30 09:52:52,266 [INFO] MicroXplorer:498 - Change Database Version : DB.6.0.81
2023-08-30 09:52:52,298 [WARN] ThirdParty:871 - waiting for thirdparty lock release [close project]
2023-08-30 09:52:52,298 [INFO] ThirdParty:873 - entering critical section [close project]
2023-08-30 09:52:52,298 [INFO] ThirdParty:883 - exiting critical section [close project]
2023-08-30 09:52:52,298 [INFO] PinOutPanel:1499 - setPackage(No Configuration,No Configuration)
2023-08-30 09:52:52,298 [INFO] UtilMem:75 - Begin LoadConfig() Used Memory: 550346264 Bytes (927989760)
2023-08-30 09:52:52,298 [INFO] MicroXplorer:468 - Change Database Path : 
2023-08-30 09:52:52,298 [INFO] MicroXplorer:498 - Change Database Version : DB.6.0.81
2023-08-30 09:52:52,298 [INFO] OpenFileManager:308 - Change cursor
2023-08-30 09:52:52,330 [INFO] RulesReader:64 - Compatibility file has been processed (293 Rules)
2023-08-30 09:52:52,330 [INFO] Mcu:1937 - Initializing MCU STM32F103C(8-B)Tx STM32F103C8Tx STM32F103C8T6
2023-08-30 09:52:53,076 [INFO] Context:659 - Trying to add GPIOservice into a context  which must be forbidden
2023-08-30 09:52:53,456 [INFO] RtosManager:555 - Registered RTOS mode: class=CMSIS, group=RTOS, mode=CMSIS_V1, owner=FREERTOS
2023-08-30 09:52:53,456 [INFO] RtosManager:555 - Registered RTOS mode: class=CMSIS, group=RTOS2, mode=CMSIS_V2, owner=FREERTOS
2023-08-30 09:52:53,456 [INFO] RtosManager:555 - Registered RTOS mode: class=RTOS, group=Core, mode=CMSIS_V1, owner=FREERTOS
2023-08-30 09:52:53,456 [INFO] RtosManager:555 - Registered RTOS mode: class=RTOS, group=Core, mode=CMSIS_V2, owner=FREERTOS
2023-08-30 09:52:53,456 [WARN] ModelIntegratedComponent:184 - Missing modes for component STMicroelectronics:FreeRTOS:0.0.1:STMicroelectronics:RTOS:FreeRTOS:Core:::10.2.0:
2023-08-30 09:52:53,481 [WARN] ModelIntegratedComponent:63 - No mode defined for component null
2023-08-30 09:52:53,481 [WARN] ModelIntegratedComponent:63 - No mode defined for component null
2023-08-30 09:52:53,481 [WARN] ModelIntegratedComponent:63 - No mode defined for component null
2023-08-30 09:52:53,481 [WARN] ModelIntegratedComponent:63 - No mode defined for component null
2023-08-30 09:52:53,482 [WARN] ModelIntegratedComponent:63 - No mode defined for component null
2023-08-30 09:52:53,482 [WARN] ModelIntegratedComponent:63 - No mode defined for component null
2023-08-30 09:52:53,482 [WARN] ModelIntegratedComponent:63 - No mode defined for component null
2023-08-30 09:52:53,482 [WARN] ModelIntegratedComponent:63 - No mode defined for component null
2023-08-30 09:52:53,482 [WARN] ModelIntegratedComponent:63 - No mode defined for component null
2023-08-30 09:52:53,482 [WARN] ModelIntegratedComponent:63 - No mode defined for component null
2023-08-30 09:52:53,482 [WARN] ModelIntegratedComponent:63 - No mode defined for component null
2023-08-30 09:52:53,482 [WARN] ModelIntegratedComponent:63 - No mode defined for component null
2023-08-30 09:52:53,482 [WARN] ModelIntegratedComponent:63 - No mode defined for component null
2023-08-30 09:52:53,482 [WARN] ModelIntegratedComponent:63 - No mode defined for component null
2023-08-30 09:52:53,482 [WARN] ModelIntegratedComponent:63 - No mode defined for component null
2023-08-30 09:52:53,482 [WARN] ModelIntegratedComponent:63 - No mode defined for component null
2023-08-30 09:52:53,482 [WARN] ModelIntegratedComponent:63 - No mode defined for component null
2023-08-30 09:52:53,483 [WARN] ModelIntegratedComponent:63 - No mode defined for component null
2023-08-30 09:52:53,483 [WARN] ModelIntegratedComponent:63 - No mode defined for component null
2023-08-30 09:52:53,483 [WARN] ModelIntegratedComponent:63 - No mode defined for component null
2023-08-30 09:52:53,483 [WARN] ModelIntegratedComponent:63 - No mode defined for component null
2023-08-30 09:52:53,483 [WARN] ModelIntegratedComponent:63 - No mode defined for component null
2023-08-30 09:52:53,483 [WARN] ModelIntegratedComponent:63 - No mode defined for component null
2023-08-30 09:52:53,483 [WARN] ModelIntegratedComponent:63 - No mode defined for component null
2023-08-30 09:52:53,483 [WARN] ModelIntegratedComponent:63 - No mode defined for component null
2023-08-30 09:52:53,483 [WARN] ModelIntegratedComponent:63 - No mode defined for component null
2023-08-30 09:52:53,483 [WARN] ModelIntegratedComponent:63 - No mode defined for component null
2023-08-30 09:52:53,483 [WARN] ModelIntegratedComponent:63 - No mode defined for component null
2023-08-30 09:52:53,483 [WARN] ModelIntegratedComponent:63 - No mode defined for component null
2023-08-30 09:52:53,483 [WARN] ModelIntegratedComponent:63 - No mode defined for component null
2023-08-30 09:52:53,483 [WARN] ModelIntegratedComponent:63 - No mode defined for component null
2023-08-30 09:52:53,483 [WARN] ModelIntegratedComponent:63 - No mode defined for component null
2023-08-30 09:52:53,483 [WARN] ModelIntegratedComponent:63 - No mode defined for component null
2023-08-30 09:52:53,507 [INFO] ThirdPartyModel:298 - Start build external matchings
2023-08-30 09:52:53,927 [INFO] ThirdPartyModel:316 - End build external matchings
2023-08-30 09:52:53,959 [INFO] ImportTextPane:194 - (OptionalMessage_ERROR) IP (RCC) : Parameter (ADCFreqValue) has invalid value (36000000)
2023-08-30 09:52:53,959 [INFO] ImportTextPane:194 - (OptionalMessage_ERROR) IP (RCC) : Invalid parameter (FamilyName)
2023-08-30 09:52:53,959 [INFO] ImportTextPane:194 - (OptionalMessage_ERROR) IP (RCC) : Parameter (MCOFreq_Value) has invalid value (72000000)
2023-08-30 09:52:53,959 [INFO] ImportTextPane:194 - (OptionalMessage_ERROR) IP (RCC) : Parameter (USBFreq_Value) has invalid value (72000000)
2023-08-30 09:52:54,362 [INFO] UtilMem:75 - End LoadConfig() Used Memory: 549341312 Bytes (927989760)
2023-08-30 09:52:54,425 [WARN] ThirdParty:833 - waiting for thirdparty lock release [change project]
2023-08-30 09:52:54,425 [INFO] ThirdParty:835 - entering critical section [change project]
2023-08-30 09:52:54,425 [INFO] ThirdParty:1030 - CMSIS Pack Vendor :STMicroelectronics X-CUBE-ISPU 1.1.0
2023-08-30 09:52:54,425 [INFO] ThirdParty:1030 - CMSIS Pack Vendor :STMicroelectronics X-CUBE-GNSS1 6.0.0
2023-08-30 09:52:54,425 [INFO] ThirdParty:1030 - CMSIS Pack Vendor :STMicroelectronics USB_HOST 2.0.0
2023-08-30 09:52:54,425 [INFO] ThirdParty:1030 - CMSIS Pack Vendor :STMicroelectronics X-CUBE-AZRTOS-F4 1.1.0
2023-08-30 09:52:54,425 [INFO] ThirdParty:1030 - CMSIS Pack Vendor :STMicroelectronics LIBJPEG 8.0.0
2023-08-30 09:52:54,425 [INFO] ThirdParty:1030 - CMSIS Pack Vendor :wolfSSL I-CUBE-wolfSSL 5.6.3
2023-08-30 09:52:54,425 [INFO] ThirdParty:1030 - CMSIS Pack Vendor :STMicroelectronics X-CUBE-SMBUS 2.1.0
2023-08-30 09:52:54,425 [INFO] ThirdParty:1030 - CMSIS Pack Vendor :STMicroelectronics USB_DEVICE 3.0.0
2023-08-30 09:52:54,425 [INFO] ThirdParty:1030 - CMSIS Pack Vendor :STMicroelectronics X-CUBE-AZRTOS-WB 2.0.0
2023-08-30 09:52:54,425 [INFO] ThirdParty:1030 - CMSIS Pack Vendor :STMicroelectronics X-CUBE-AZRTOS-F7 1.1.0
2023-08-30 09:52:54,425 [INFO] ThirdParty:1030 - CMSIS Pack Vendor :STMicroelectronics X-CUBE-AZRTOS-L5 2.0.0
2023-08-30 09:52:54,425 [INFO] ThirdParty:1030 - CMSIS Pack Vendor :STMicroelectronics USB_DEVICE 2.0.0
2023-08-30 09:52:54,425 [INFO] ThirdParty:1030 - CMSIS Pack Vendor :STMicroelectronics X-CUBE-MEMS1 9.6.0
2023-08-30 09:52:54,425 [INFO] ThirdParty:1030 - CMSIS Pack Vendor :STMicroelectronics FP-SNS-MOTENV1 4.3.2
2023-08-30 09:52:54,425 [INFO] ThirdParty:1030 - CMSIS Pack Vendor :STMicroelectronics X-CUBE-ALGOBUILD 1.3.0
2023-08-30 09:52:54,425 [INFO] ThirdParty:1030 - CMSIS Pack Vendor :STMicroelectronics FreeRTOS 0.0.1
2023-08-30 09:52:54,425 [INFO] ThirdParty:1030 - CMSIS Pack Vendor :STMicroelectronics X-CUBE-AZRTOS-G0 1.1.0
2023-08-30 09:52:54,425 [INFO] ThirdParty:1030 - CMSIS Pack Vendor :STMicroelectronics X-CUBE-BLEMGR 2.0.0
2023-08-30 09:52:54,425 [INFO] ThirdParty:1030 - CMSIS Pack Vendor :STMicroelectronics X-CUBE-NFC4 3.0.0
2023-08-30 09:52:54,425 [INFO] ThirdParty:1030 - CMSIS Pack Vendor :STMicroelectronics X-CUBE-SUBG2 5.0.0
2023-08-30 09:52:54,425 [INFO] ThirdParty:1030 - CMSIS Pack Vendor :STMicroelectronics STM32_WPAN 1.0.0
2023-08-30 09:52:54,425 [INFO] ThirdParty:1030 - CMSIS Pack Vendor :STMicroelectronics lwIP 2.0.3
2023-08-30 09:52:54,425 [INFO] ThirdParty:1030 - CMSIS Pack Vendor :STMicroelectronics FP-SNS-FLIGHT1 5.0.2
2023-08-30 09:52:54,425 [INFO] ThirdParty:1030 - CMSIS Pack Vendor :STMicroelectronics USB_HOST 1.0.0
2023-08-30 09:52:54,425 [INFO] ThirdParty:1030 - CMSIS Pack Vendor :STMicroelectronics X-CUBE-TOF1 3.3.1
2023-08-30 09:52:54,425 [INFO] ThirdParty:1030 - CMSIS Pack Vendor :STMicroelectronics X-CUBE-AZRTOS-G4 2.0.0
2023-08-30 09:52:54,425 [INFO] ThirdParty:1030 - CMSIS Pack Vendor :STMicroelectronics PDM2PCM 3.1.0
2023-08-30 09:52:54,425 [INFO] ThirdParty:1030 - CMSIS Pack Vendor :STMicroelectronics X-CUBE-AZRTOS-H7 3.1.0
2023-08-30 09:52:54,425 [INFO] ThirdParty:1030 - CMSIS Pack Vendor :STMicroelectronics PDM2PCM 3.3.0
2023-08-30 09:52:54,425 [INFO] ThirdParty:1030 - CMSIS Pack Vendor :STMicroelectronics X-CUBE-DISPLAY 3.0.0
2023-08-30 09:52:54,425 [INFO] ThirdParty:1030 - CMSIS Pack Vendor :STMicroelectronics X-CUBE-BLE1 7.0.0
2023-08-30 09:52:54,425 [INFO] ThirdParty:1030 - CMSIS Pack Vendor :STMicroelectronics FP-ATR-SIGFOX1 3.2.0
2023-08-30 09:52:54,425 [INFO] ThirdParty:1030 - CMSIS Pack Vendor :STMicroelectronics HAL Drivers 0.0.0
2023-08-30 09:52:54,425 [INFO] ThirdParty:1030 - CMSIS Pack Vendor :STMicroelectronics MBEDTLS 2.16.2
2023-08-30 09:52:54,425 [INFO] ThirdParty:1030 - CMSIS Pack Vendor :emotas I-CUBE-CANOPEN 1.3.0
2023-08-30 09:52:54,425 [INFO] ThirdParty:1030 - CMSIS Pack Vendor :STMicroelectronics X-CUBE-FREERTOS 1.1.0
2023-08-30 09:52:54,425 [INFO] ThirdParty:1030 - CMSIS Pack Vendor :STMicroelectronics X-CUBE-TOUCHGFX 4.22.0
2023-08-30 09:52:54,425 [INFO] ThirdParty:1030 - CMSIS Pack Vendor :STMicroelectronics X-CUBE-NFC7 1.0.1
2023-08-30 09:52:54,425 [INFO] ThirdParty:1030 - CMSIS Pack Vendor :STMicroelectronics MBEDTLS 2.14.1
2023-08-30 09:52:54,425 [INFO] ThirdParty:1030 - CMSIS Pack Vendor :STMicroelectronics X-CUBE-EEPRMA1 4.1.0
2023-08-30 09:52:54,425 [INFO] ThirdParty:1030 - CMSIS Pack Vendor :portGmbH I-Cube-SoM-uGOAL 1.1.0
2023-08-30 09:52:54,425 [INFO] ThirdParty:1030 - CMSIS Pack Vendor :STMicroelectronics X-CUBE-ALS 1.0.1
2023-08-30 09:52:54,425 [INFO] ThirdParty:1030 - CMSIS Pack Vendor :STMicroelectronics ThreadX 1.0.0
2023-08-30 09:52:54,425 [INFO] ThirdParty:1030 - CMSIS Pack Vendor :STMicroelectronics X-CUBE-AZRTOS-WL 2.0.0
2023-08-30 09:52:54,425 [INFO] ThirdParty:1030 - CMSIS Pack Vendor :STMicroelectronics USB_DEVICE 1.0.0
2023-08-30 09:52:54,425 [INFO] ThirdParty:1030 - CMSIS Pack Vendor :STMicroelectronics X-CUBE-AI 8.1.0
2023-08-30 09:52:54,425 [INFO] ThirdParty:1030 - CMSIS Pack Vendor :STMicroelectronics X-CUBE-AZRTOS-L4 2.0.0
2023-08-30 09:52:54,425 [INFO] ThirdParty:1030 - CMSIS Pack Vendor :STMicroelectronics ThreadX 0.0.2
2023-08-30 09:52:54,425 [INFO] ThirdParty:1030 - CMSIS Pack Vendor :WES I-CUBE-Cesium 1.3.0
2023-08-30 09:52:54,425 [INFO] ThirdParty:1030 - CMSIS Pack Vendor :STMicroelectronics FP-ATR-ASTRA1 2.0.0
2023-08-30 09:52:54,425 [INFO] ThirdParty:1030 - CMSIS Pack Vendor :STMicroelectronics lwIP 2.1.2
2023-08-30 09:52:54,425 [INFO] ThirdParty:1030 - CMSIS Pack Vendor :STMicroelectronics X-CUBE-SFXS2LP1 4.0.0
2023-08-30 09:52:54,425 [INFO] ThirdParty:1030 - CMSIS Pack Vendor :STMicroelectronics X-CUBE-BLE2 3.3.0
2023-08-30 09:52:54,425 [INFO] ThirdParty:1030 - CMSIS Pack Vendor :STMicroelectronics PDM2PCM 3.2.0
2023-08-30 09:52:54,425 [INFO] ThirdParty:841 - exiting critical section [change project]
2023-08-30 09:52:54,594 [INFO] PinOutPanel:1499 - setPackage(No Configuration,No Configuration)
2023-08-30 09:52:54,610 [INFO] PinOutPanel:1499 - setPackage(STM32F103C8Tx,LQFP48)
2023-08-30 09:52:54,863 [INFO] UtilMem:75 - Before build in PCC Used Memory: 588056304 Bytes (927989760)
2023-08-30 09:52:55,414 [INFO] UtilMem:75 - After build in PCC Used Memory: 630521584 Bytes (927989760)
2023-08-30 09:52:55,444 [INFO] IPUIPlugin:80 - create IPUIPlugin
2023-08-30 09:52:55,444 [INFO] IPUIPlugin:80 - create IPUIPlugin
2023-08-30 09:52:55,444 [INFO] IPUIPlugin:80 - create IPUIPlugin
2023-08-30 09:52:55,444 [INFO] IPUIPlugin:80 - create IPUIPlugin
2023-08-30 09:52:55,444 [INFO] IPUIPlugin:80 - create IPUIPlugin
2023-08-30 09:52:55,444 [INFO] IPUIPlugin:80 - create IPUIPlugin
2023-08-30 09:52:55,444 [INFO] IPUIPlugin:80 - create IPUIPlugin
2023-08-30 09:52:55,444 [INFO] IPUIPlugin:80 - create IPUIPlugin
2023-08-30 09:52:55,444 [INFO] IPUIPlugin:80 - create IPUIPlugin
2023-08-30 09:52:55,444 [INFO] IPUIPlugin:80 - create IPUIPlugin
2023-08-30 09:52:55,444 [INFO] IPUIPlugin:80 - create IPUIPlugin
2023-08-30 09:52:55,444 [INFO] IPUIPlugin:80 - create IPUIPlugin
2023-08-30 09:52:55,444 [INFO] IPUIPlugin:80 - create IPUIPlugin
2023-08-30 09:52:55,444 [INFO] IPUIPlugin:80 - create IPUIPlugin
2023-08-30 09:52:55,444 [INFO] IPUIPlugin:80 - create IPUIPlugin
2023-08-30 09:52:55,444 [INFO] IPUIPlugin:80 - create IPUIPlugin
2023-08-30 09:52:55,444 [INFO] IPUIPlugin:80 - create IPUIPlugin
2023-08-30 09:52:55,444 [INFO] IPUIPlugin:80 - create IPUIPlugin
2023-08-30 09:52:55,444 [INFO] IPUIPlugin:80 - create IPUIPlugin
2023-08-30 09:52:55,444 [INFO] IPUIPlugin:80 - create IPUIPlugin
2023-08-30 09:52:55,444 [INFO] IPUIPlugin:80 - create IPUIPlugin
2023-08-30 09:52:55,444 [INFO] IPUIPlugin:80 - create IPUIPlugin
2023-08-30 09:52:55,444 [INFO] IPUIPlugin:80 - create IPUIPlugin
2023-08-30 09:52:55,444 [INFO] IPUIPlugin:80 - create IPUIPlugin
2023-08-30 09:52:55,444 [INFO] IPUIPlugin:80 - create IPUIPlugin
2023-08-30 09:52:55,444 [INFO] IPUIPlugin:80 - create IPUIPlugin
2023-08-30 09:52:55,444 [INFO] IPUIPlugin:80 - create IPUIPlugin
2023-08-30 09:52:55,492 [INFO] CADModel:165 - CPN selected for project levelSTM32F103C8T6
2023-08-30 09:52:55,492 [INFO] CADModel:114 - Register for checkConnection events
2023-08-30 09:52:55,542 [INFO] OpenFileManager:328 - Restore cursor
2023-08-30 09:52:55,548 [INFO] ApiDb:581 - Connected to CubeFinder SQLite database (C:\Users\MARIANO\.stmcufinder\plugins\mcufinder\mcu\cube-finder-db.db)
2023-08-30 09:53:14,047 [INFO] UtilMem:75 - End SaveConfig() Used Memory: 587864664 Bytes (927989760)
2023-08-30 09:53:16,033 [INFO] UtilMem:75 - End SaveConfig() Used Memory: 604933896 Bytes (927989760)
2023-08-30 09:53:17,409 [INFO] UtilMem:75 - End SaveConfig() Used Memory: 638196312 Bytes (927989760)
2023-08-30 09:53:17,644 [INFO] BlockDiagram:2759 - set Specific Code input for plugin: NVIC
2023-08-30 09:53:17,644 [INFO] BlockDiagram:2759 - set Specific Code input for plugin: SYS
2023-08-30 09:53:17,644 [INFO] BlockDiagram:2759 - set Specific Code input for plugin: GPIO
2023-08-30 09:53:17,644 [INFO] BlockDiagram:2759 - set Specific Code input for plugin: RCC
2023-08-30 09:53:17,644 [INFO] CodeGenerator:793 - code generatio: config db path: C:\ST\STM32CubeIDE_1.12.1\STM32CubeIDE\plugins\com.st.stm32cube.common.mx_6.8.1.202304191431\\db\
2023-08-30 09:53:17,839 [INFO] CodeEngine:255 - oldGeneratedFile, C:\Users\MARIANO\Desktop\GITHUB_PROJECTS\STM32_Projects\Blink_LED\MXTmpFiles\license.tmp_save
2023-08-30 09:53:17,974 [INFO] CodeEngine:279 - Generated code: C:\Users\MARIANO\Desktop\GITHUB_PROJECTS\STM32_Projects\Blink_LED\MXTmpFiles\license.tmp
2023-08-30 09:53:18,069 [INFO] CodeEngine:255 - oldGeneratedFile, C:\Users\MARIANO\Desktop\GITHUB_PROJECTS\STM32_Projects\Blink_LED\Core\Src\gpio.c_save
2023-08-30 09:53:18,196 [INFO] CodeEngine:279 - Generated code: C:\Users\MARIANO\Desktop\GITHUB_PROJECTS\STM32_Projects\Blink_LED\Core\Src\gpio.c
2023-08-30 09:53:18,244 [INFO] CodeEngine:255 - oldGeneratedFile, C:\Users\MARIANO\Desktop\GITHUB_PROJECTS\STM32_Projects\Blink_LED\Core\Inc\gpio.h_save
2023-08-30 09:53:18,355 [INFO] CodeEngine:279 - Generated code: C:\Users\MARIANO\Desktop\GITHUB_PROJECTS\STM32_Projects\Blink_LED\Core\Inc\gpio.h
2023-08-30 09:53:18,394 [INFO] CodeEngine:255 - oldGeneratedFile, C:\Users\MARIANO\Desktop\GITHUB_PROJECTS\STM32_Projects\Blink_LED\Core\Src\stm32f1xx_it.c_save
2023-08-30 09:53:18,741 [INFO] CodeEngine:279 - Generated code: C:\Users\MARIANO\Desktop\GITHUB_PROJECTS\STM32_Projects\Blink_LED\Core\Src\stm32f1xx_it.c
2023-08-30 09:53:18,757 [INFO] CodeEngine:255 - oldGeneratedFile, C:\Users\MARIANO\Desktop\GITHUB_PROJECTS\STM32_Projects\Blink_LED\Core\Inc\stm32f1xx_it.h_save
2023-08-30 09:53:18,861 [INFO] CodeEngine:279 - Generated code: C:\Users\MARIANO\Desktop\GITHUB_PROJECTS\STM32_Projects\Blink_LED\Core\Inc\stm32f1xx_it.h
2023-08-30 09:53:18,879 [INFO] CodeEngine:255 - oldGeneratedFile, C:\Users\MARIANO\Desktop\GITHUB_PROJECTS\STM32_Projects\Blink_LED\Core\Src\stm32f1xx_hal_msp.c_save
2023-08-30 09:53:18,989 [INFO] CodeEngine:279 - Generated code: C:\Users\MARIANO\Desktop\GITHUB_PROJECTS\STM32_Projects\Blink_LED\Core\Src\stm32f1xx_hal_msp.c
2023-08-30 09:53:19,005 [INFO] CodeEngine:255 - oldGeneratedFile, C:\Users\MARIANO\Desktop\GITHUB_PROJECTS\STM32_Projects\Blink_LED\MXTmpFiles\system.tmp_save
2023-08-30 09:53:19,083 [INFO] CodeEngine:279 - Generated code: C:\Users\MARIANO\Desktop\GITHUB_PROJECTS\STM32_Projects\Blink_LED\MXTmpFiles\system.tmp
2023-08-30 09:53:19,099 [INFO] CodeEngine:311 - oldGeneratedFile, C:\Users\MARIANO\Desktop\GITHUB_PROJECTS\STM32_Projects\Blink_LED\Core\Inc\stm32f1xx_hal_conf.h_save
2023-08-30 09:53:19,226 [INFO] CodeEngine:335 - Generated code: C:\Users\MARIANO\Desktop\GITHUB_PROJECTS\STM32_Projects\Blink_LED\Core\Inc\stm32f1xx_hal_conf.h
2023-08-30 09:53:19,273 [INFO] CodeEngine:255 - oldGeneratedFile, C:\Users\MARIANO\Desktop\GITHUB_PROJECTS\STM32_Projects\Blink_LED\Core\Inc\main.h_save
2023-08-30 09:53:19,360 [INFO] CodeEngine:279 - Generated code: C:\Users\MARIANO\Desktop\GITHUB_PROJECTS\STM32_Projects\Blink_LED\Core\Inc\main.h
2023-08-30 09:53:19,380 [INFO] CodeEngine:255 - oldGeneratedFile, C:\Users\MARIANO\Desktop\GITHUB_PROJECTS\STM32_Projects\Blink_LED\Core\Src\main.c_save
2023-08-30 09:53:19,459 [INFO] CodeEngine:279 - Generated code: C:\Users\MARIANO\Desktop\GITHUB_PROJECTS\STM32_Projects\Blink_LED\Core\Src\main.c
2023-08-30 09:53:20,229 [INFO] ProjectBuilder:2996 - Time for Copy HAL[1] : 206mS.
2023-08-30 09:53:20,229 [INFO] ProjectBuilder:4304 - Project Generator version: 3.19.2
2023-08-30 09:53:20,696 [INFO] ConfigFileManager:1483 - The Die is : DIE410
2023-08-30 09:53:20,696 [INFO] ApiDbMcu:507 - Load IP Config File for FATFS
2023-08-30 09:53:20,696 [INFO] ApiDbMcu:507 - Load IP Config File for FREERTOS
2023-08-30 09:53:20,696 [INFO] ApiDbMcu:507 - Load IP Config File for USB_DEVICE
2023-08-30 09:53:22,652 [INFO] ProjectBuilder:4505 - Time for Generating toolchain IDE Files: 2423mS.
2023-08-30 09:53:22,660 [INFO] ProjectBuilder:2867 - Time for Copy CMSIS : 8mS.
2023-08-30 09:53:22,660 [INFO] ProjectBuilder:2867 - Time for Copy CMSIS : 0mS.
